0 verbose cli /usr/bin/node /usr/bin/npm
1 info using npm@10.5.0
2 info using node@v18.20.2
3 timing npm:load:whichnode Completed in 14ms
4 timing config:load:defaults Completed in 2ms
5 timing config:load:file:/usr/lib/node_modules/npm/npmrc Completed in 5ms
6 timing config:load:builtin Completed in 5ms
7 timing config:load:cli Completed in 2ms
8 timing config:load:env Completed in 0ms
9 timing config:load:project Completed in 2ms
10 timing config:load:file:/home/ubuntu/.npmrc Completed in 0ms
11 timing config:load:user Completed in 0ms
12 timing config:load:file:/usr/etc/npmrc Completed in 0ms
13 timing config:load:global Completed in 1ms
14 timing config:load:setEnvs Completed in 1ms
15 timing config:load Completed in 15ms
16 timing npm:load:configload Completed in 15ms
17 timing config:load:flatten Completed in 5ms
18 timing npm:load:mkdirpcache Completed in 1ms
19 timing npm:load:mkdirplogs Completed in 0ms
20 verbose title npm i express cors
21 verbose argv "i" "express" "cors"
22 timing npm:load:setTitle Completed in 1ms
23 timing npm:load:display Completed in 1ms
24 verbose logfile logs-max:10 dir:/home/ubuntu/.npm/_logs/2024-04-26T19_43_02_917Z-
25 verbose logfile /home/ubuntu/.npm/_logs/2024-04-26T19_43_02_917Z-debug-0.log
26 timing npm:load:logFile Completed in 11ms
27 timing npm:load:timers Completed in 0ms
28 timing npm:load:configScope Completed in 0ms
29 timing npm:load Completed in 67ms
30 timing config:load:flatten Completed in 1ms
31 timing arborist:ctor Completed in 0ms
32 silly logfile done cleaning log files
33 timing arborist:ctor Completed in 0ms
34 timing idealTree:init Completed in 16ms
35 timing idealTree:userRequests Completed in 2ms
36 silly idealTree buildDeps
37 silly fetch manifest express@*
38 http fetch GET 200 https://registry.npmjs.org/npm 181ms
39 http fetch GET 200 https://registry.npmjs.org/express 172ms (cache miss)
40 silly fetch manifest cors@*
41 http fetch GET 200 https://registry.npmjs.org/cors 31ms (cache miss)
42 silly placeDep ROOT cors@2.8.5 OK for:  want: *
43 silly placeDep ROOT express@4.19.2 OK for:  want: *
44 silly fetch manifest object-assign@^4
45 http fetch GET 200 https://registry.npmjs.org/object-assign 34ms (cache miss)
46 silly fetch manifest vary@^1
47 http fetch GET 200 https://registry.npmjs.org/vary 42ms (cache miss)
48 silly fetch manifest accepts@~1.3.8
49 http fetch GET 200 https://registry.npmjs.org/accepts 30ms (cache miss)
50 silly fetch manifest array-flatten@1.1.1
51 http fetch GET 200 https://registry.npmjs.org/array-flatten 57ms (cache miss)
52 silly fetch manifest body-parser@1.20.2
53 http fetch GET 200 https://registry.npmjs.org/body-parser 29ms (cache miss)
54 silly fetch manifest content-disposition@0.5.4
55 http fetch GET 200 https://registry.npmjs.org/content-disposition 36ms (cache miss)
56 silly fetch manifest content-type@~1.0.4
57 http fetch GET 200 https://registry.npmjs.org/content-type 47ms (cache miss)
58 silly fetch manifest cookie@0.6.0
59 http fetch GET 200 https://registry.npmjs.org/cookie 179ms (cache miss)
60 silly fetch manifest cookie-signature@1.0.6
61 http fetch GET 200 https://registry.npmjs.org/cookie-signature 36ms (cache miss)
62 silly fetch manifest debug@2.6.9
63 http fetch GET 200 https://registry.npmjs.org/debug 37ms (cache miss)
64 silly fetch manifest depd@2.0.0
65 http fetch GET 200 https://registry.npmjs.org/depd 34ms (cache miss)
66 silly fetch manifest encodeurl@~1.0.2
67 http fetch GET 200 https://registry.npmjs.org/encodeurl 32ms (cache miss)
68 silly fetch manifest escape-html@~1.0.3
69 http fetch GET 200 https://registry.npmjs.org/escape-html 28ms (cache miss)
70 silly fetch manifest etag@~1.8.1
71 http fetch GET 200 https://registry.npmjs.org/etag 30ms (cache miss)
72 silly fetch manifest finalhandler@1.2.0
73 http fetch GET 200 https://registry.npmjs.org/finalhandler 47ms (cache miss)
74 silly fetch manifest fresh@0.5.2
75 http fetch GET 200 https://registry.npmjs.org/fresh 33ms (cache miss)
76 silly fetch manifest http-errors@2.0.0
77 http fetch GET 200 https://registry.npmjs.org/http-errors 55ms (cache miss)
78 silly fetch manifest merge-descriptors@1.0.1
79 http fetch GET 200 https://registry.npmjs.org/merge-descriptors 39ms (cache miss)
80 silly fetch manifest methods@~1.1.2
81 http fetch GET 200 https://registry.npmjs.org/methods 56ms (cache miss)
82 silly fetch manifest on-finished@2.4.1
83 http fetch GET 200 https://registry.npmjs.org/on-finished 36ms (cache miss)
84 silly fetch manifest parseurl@~1.3.3
85 http fetch GET 200 https://registry.npmjs.org/parseurl 31ms (cache miss)
86 silly fetch manifest path-to-regexp@0.1.7
87 http fetch GET 200 https://registry.npmjs.org/path-to-regexp 57ms (cache miss)
88 silly fetch manifest proxy-addr@~2.0.7
89 http fetch GET 200 https://registry.npmjs.org/proxy-addr 30ms (cache miss)
90 silly fetch manifest qs@6.11.0
91 http fetch GET 200 https://registry.npmjs.org/qs 38ms (cache miss)
92 silly fetch manifest range-parser@~1.2.1
93 http fetch GET 200 https://registry.npmjs.org/range-parser 40ms (cache miss)
94 silly fetch manifest safe-buffer@5.2.1
95 http fetch GET 200 https://registry.npmjs.org/safe-buffer 31ms (cache miss)
96 silly fetch manifest send@0.18.0
97 http fetch GET 200 https://registry.npmjs.org/send 45ms (cache miss)
98 silly fetch manifest serve-static@1.15.0
99 http fetch GET 200 https://registry.npmjs.org/serve-static 38ms (cache miss)
100 silly fetch manifest setprototypeof@1.2.0
101 http fetch GET 200 https://registry.npmjs.org/setprototypeof 52ms (cache miss)
102 silly fetch manifest statuses@2.0.1
103 http fetch GET 200 https://registry.npmjs.org/statuses 29ms (cache miss)
104 silly fetch manifest type-is@~1.6.18
105 http fetch GET 200 https://registry.npmjs.org/type-is 33ms (cache miss)
106 silly fetch manifest utils-merge@1.0.1
107 http fetch GET 200 https://registry.npmjs.org/utils-merge 35ms (cache miss)
108 silly fetch manifest vary@~1.1.2
109 timing idealTree:#root Completed in 1684ms
110 silly placeDep ROOT object-assign@4.1.1 OK for: cors@2.8.5 want: ^4
111 silly placeDep ROOT vary@1.1.2 OK for: cors@2.8.5 want: ^1
112 timing idealTree:node_modules/cors Completed in 5ms
113 silly placeDep ROOT accepts@1.3.8 OK for: express@4.19.2 want: ~1.3.8
114 silly placeDep ROOT array-flatten@1.1.1 OK for: express@4.19.2 want: 1.1.1
115 silly placeDep ROOT body-parser@1.20.2 OK for: express@4.19.2 want: 1.20.2
116 silly placeDep ROOT content-disposition@0.5.4 OK for: express@4.19.2 want: 0.5.4
117 silly placeDep ROOT content-type@1.0.5 OK for: express@4.19.2 want: ~1.0.4
118 silly placeDep ROOT cookie@0.6.0 OK for: express@4.19.2 want: 0.6.0
119 silly placeDep ROOT cookie-signature@1.0.6 OK for: express@4.19.2 want: 1.0.6
120 silly placeDep ROOT debug@2.6.9 OK for: express@4.19.2 want: 2.6.9
121 silly placeDep ROOT depd@2.0.0 OK for: express@4.19.2 want: 2.0.0
122 silly placeDep ROOT encodeurl@1.0.2 OK for: express@4.19.2 want: ~1.0.2
123 silly placeDep ROOT escape-html@1.0.3 OK for: express@4.19.2 want: ~1.0.3
124 silly placeDep ROOT etag@1.8.1 OK for: express@4.19.2 want: ~1.8.1
125 silly placeDep ROOT finalhandler@1.2.0 OK for: express@4.19.2 want: 1.2.0
126 silly placeDep ROOT fresh@0.5.2 OK for: express@4.19.2 want: 0.5.2
127 silly placeDep ROOT http-errors@2.0.0 OK for: express@4.19.2 want: 2.0.0
128 silly placeDep ROOT merge-descriptors@1.0.1 OK for: express@4.19.2 want: 1.0.1
129 silly placeDep ROOT methods@1.1.2 OK for: express@4.19.2 want: ~1.1.2
130 silly placeDep ROOT on-finished@2.4.1 OK for: express@4.19.2 want: 2.4.1
131 silly placeDep ROOT parseurl@1.3.3 OK for: express@4.19.2 want: ~1.3.3
132 silly placeDep ROOT path-to-regexp@0.1.7 OK for: express@4.19.2 want: 0.1.7
133 silly placeDep ROOT proxy-addr@2.0.7 OK for: express@4.19.2 want: ~2.0.7
134 silly placeDep ROOT qs@6.11.0 OK for: express@4.19.2 want: 6.11.0
135 silly placeDep ROOT range-parser@1.2.1 OK for: express@4.19.2 want: ~1.2.1
136 silly placeDep ROOT safe-buffer@5.2.1 OK for: express@4.19.2 want: 5.2.1
137 silly placeDep ROOT send@0.18.0 OK for: express@4.19.2 want: 0.18.0
138 silly placeDep ROOT serve-static@1.15.0 OK for: express@4.19.2 want: 1.15.0
139 silly placeDep ROOT setprototypeof@1.2.0 OK for: express@4.19.2 want: 1.2.0
140 silly placeDep ROOT statuses@2.0.1 OK for: express@4.19.2 want: 2.0.1
141 silly placeDep ROOT type-is@1.6.18 OK for: express@4.19.2 want: ~1.6.18
142 silly placeDep ROOT utils-merge@1.0.1 OK for: express@4.19.2 want: 1.0.1
143 silly fetch manifest mime-types@~2.1.34
144 http fetch GET 200 https://registry.npmjs.org/mime-types 34ms (cache miss)
145 silly fetch manifest negotiator@0.6.3
146 http fetch GET 200 https://registry.npmjs.org/negotiator 33ms (cache miss)
147 silly fetch manifest bytes@3.1.2
148 http fetch GET 200 https://registry.npmjs.org/bytes 33ms (cache miss)
149 silly fetch manifest content-type@~1.0.5
150 silly fetch manifest destroy@1.2.0
151 http fetch GET 200 https://registry.npmjs.org/destroy 36ms (cache miss)
152 silly fetch manifest iconv-lite@0.4.24
153 http fetch GET 200 https://registry.npmjs.org/iconv-lite 33ms (cache miss)
154 silly fetch manifest raw-body@2.5.2
155 http fetch GET 200 https://registry.npmjs.org/raw-body 28ms (cache miss)
156 silly fetch manifest unpipe@1.0.0
157 http fetch GET 200 https://registry.npmjs.org/unpipe 27ms (cache miss)
158 silly fetch manifest ms@2.0.0
159 http fetch GET 200 https://registry.npmjs.org/ms 33ms (cache miss)
160 silly fetch manifest unpipe@~1.0.0
161 silly fetch manifest inherits@2.0.4
162 http fetch GET 200 https://registry.npmjs.org/inherits 32ms (cache miss)
163 silly fetch manifest toidentifier@1.0.1
164 http fetch GET 200 https://registry.npmjs.org/toidentifier 83ms (cache miss)
165 silly fetch manifest ee-first@1.1.1
166 http fetch GET 200 https://registry.npmjs.org/ee-first 44ms (cache miss)
167 silly fetch manifest forwarded@0.2.0
168 http fetch GET 200 https://registry.npmjs.org/forwarded 34ms (cache miss)
169 silly fetch manifest ipaddr.js@1.9.1
170 http fetch GET 200 https://registry.npmjs.org/ipaddr.js 49ms (cache miss)
171 silly fetch manifest side-channel@^1.0.4
172 http fetch GET 200 https://registry.npmjs.org/side-channel 40ms (cache miss)
173 silly fetch manifest mime@1.6.0
174 http fetch GET 200 https://registry.npmjs.org/mime 36ms (cache miss)
175 silly fetch manifest ms@2.1.3
176 silly fetch manifest media-typer@0.3.0
177 http fetch GET 200 https://registry.npmjs.org/media-typer 29ms (cache miss)
178 silly fetch manifest mime-types@~2.1.24
179 timing idealTree:node_modules/express Completed in 711ms
180 silly placeDep ROOT mime-types@2.1.35 OK for: accepts@1.3.8 want: ~2.1.34
181 silly placeDep ROOT negotiator@0.6.3 OK for: accepts@1.3.8 want: 0.6.3
182 silly fetch manifest mime-db@1.52.0
183 http fetch GET 200 https://registry.npmjs.org/mime-db 28ms (cache miss)
184 timing idealTree:node_modules/accepts Completed in 34ms
185 timing idealTree:node_modules/array-flatten Completed in 0ms
186 silly placeDep ROOT bytes@3.1.2 OK for: body-parser@1.20.2 want: 3.1.2
187 silly placeDep ROOT destroy@1.2.0 OK for: body-parser@1.20.2 want: 1.2.0
188 silly placeDep ROOT iconv-lite@0.4.24 OK for: body-parser@1.20.2 want: 0.4.24
189 silly placeDep ROOT raw-body@2.5.2 OK for: body-parser@1.20.2 want: 2.5.2
190 silly placeDep ROOT unpipe@1.0.0 OK for: body-parser@1.20.2 want: 1.0.0
191 silly fetch manifest safer-buffer@>= 2.1.2 < 3
192 http fetch GET 200 https://registry.npmjs.org/safer-buffer 37ms (cache miss)
193 timing idealTree:node_modules/body-parser Completed in 48ms
194 timing idealTree:node_modules/bytes Completed in 0ms
195 timing idealTree:node_modules/content-disposition Completed in 0ms
196 timing idealTree:node_modules/content-type Completed in 0ms
197 timing idealTree:node_modules/cookie Completed in 0ms
198 timing idealTree:node_modules/cookie-signature Completed in 0ms
199 silly placeDep ROOT ms@2.0.0 OK for: debug@2.6.9 want: 2.0.0
200 timing idealTree:node_modules/debug Completed in 3ms
201 timing idealTree:node_modules/depd Completed in 0ms
202 timing idealTree:node_modules/destroy Completed in 0ms
203 timing idealTree:node_modules/encodeurl Completed in 0ms
204 timing idealTree:node_modules/escape-html Completed in 0ms
205 timing idealTree:node_modules/etag Completed in 0ms
206 timing idealTree:node_modules/finalhandler Completed in 0ms
207 timing idealTree:node_modules/fresh Completed in 0ms
208 silly placeDep ROOT inherits@2.0.4 OK for: http-errors@2.0.0 want: 2.0.4
209 silly placeDep ROOT toidentifier@1.0.1 OK for: http-errors@2.0.0 want: 1.0.1
210 timing idealTree:node_modules/http-errors Completed in 4ms
211 silly placeDep ROOT safer-buffer@2.1.2 OK for: iconv-lite@0.4.24 want: >= 2.1.2 < 3
212 timing idealTree:node_modules/iconv-lite Completed in 2ms
213 timing idealTree:node_modules/inherits Completed in 0ms
214 timing idealTree:node_modules/merge-descriptors Completed in 0ms
215 timing idealTree:node_modules/methods Completed in 0ms
216 silly placeDep ROOT mime-db@1.52.0 OK for: mime-types@2.1.35 want: 1.52.0
217 timing idealTree:node_modules/mime-types Completed in 2ms
218 timing idealTree:node_modules/mime-db Completed in 0ms
219 timing idealTree:node_modules/ms Completed in 0ms
220 timing idealTree:node_modules/negotiator Completed in 0ms
221 timing idealTree:node_modules/object-assign Completed in 0ms
222 silly placeDep ROOT ee-first@1.1.1 OK for: on-finished@2.4.1 want: 1.1.1
223 timing idealTree:node_modules/on-finished Completed in 2ms
224 timing idealTree:node_modules/ee-first Completed in 0ms
225 timing idealTree:node_modules/parseurl Completed in 0ms
226 timing idealTree:node_modules/path-to-regexp Completed in 0ms
227 silly placeDep ROOT forwarded@0.2.0 OK for: proxy-addr@2.0.7 want: 0.2.0
228 silly placeDep ROOT ipaddr.js@1.9.1 OK for: proxy-addr@2.0.7 want: 1.9.1
229 timing idealTree:node_modules/proxy-addr Completed in 3ms
230 timing idealTree:node_modules/forwarded Completed in 0ms
231 timing idealTree:node_modules/ipaddr.js Completed in 0ms
232 silly placeDep ROOT side-channel@1.0.6 OK for: qs@6.11.0 want: ^1.0.4
233 silly fetch manifest call-bind@^1.0.7
234 http fetch GET 200 https://registry.npmjs.org/call-bind 32ms (cache miss)
235 silly fetch manifest es-errors@^1.3.0
236 http fetch GET 200 https://registry.npmjs.org/es-errors 32ms (cache miss)
237 silly fetch manifest get-intrinsic@^1.2.4
238 http fetch GET 200 https://registry.npmjs.org/get-intrinsic 35ms (cache miss)
239 silly fetch manifest object-inspect@^1.13.1
240 http fetch GET 200 https://registry.npmjs.org/object-inspect 43ms (cache miss)
241 timing idealTree:node_modules/qs Completed in 152ms
242 timing idealTree:node_modules/range-parser Completed in 0ms
243 timing idealTree:node_modules/raw-body Completed in 0ms
244 timing idealTree:node_modules/safe-buffer Completed in 0ms
245 timing idealTree:node_modules/safer-buffer Completed in 0ms
246 silly placeDep ROOT mime@1.6.0 OK for: send@0.18.0 want: 1.6.0
247 silly placeDep node_modules/send ms@2.1.3 OK for: send@0.18.0 want: 2.1.3
248 timing idealTree:node_modules/send Completed in 5ms
249 timing idealTree:node_modules/mime Completed in 0ms
250 timing idealTree:node_modules/serve-static Completed in 0ms
251 timing idealTree:node_modules/setprototypeof Completed in 0ms
252 silly placeDep ROOT call-bind@1.0.7 OK for: side-channel@1.0.6 want: ^1.0.7
253 silly placeDep ROOT es-errors@1.3.0 OK for: side-channel@1.0.6 want: ^1.3.0
254 silly placeDep ROOT get-intrinsic@1.2.4 OK for: side-channel@1.0.6 want: ^1.2.4
255 silly placeDep ROOT object-inspect@1.13.1 OK for: side-channel@1.0.6 want: ^1.13.1
256 silly fetch manifest es-define-property@^1.0.0
257 http fetch GET 200 https://registry.npmjs.org/es-define-property 37ms (cache miss)
258 silly fetch manifest function-bind@^1.1.2
259 http fetch GET 200 https://registry.npmjs.org/function-bind 35ms (cache miss)
260 silly fetch manifest set-function-length@^1.2.1
261 http fetch GET 200 https://registry.npmjs.org/set-function-length 31ms (cache miss)
262 silly fetch manifest has-proto@^1.0.1
263 http fetch GET 200 https://registry.npmjs.org/has-proto 56ms (cache miss)
264 silly fetch manifest has-symbols@^1.0.3
265 http fetch GET 200 https://registry.npmjs.org/has-symbols 25ms (cache miss)
266 silly fetch manifest hasown@^2.0.0
267 http fetch GET 200 https://registry.npmjs.org/hasown 27ms (cache miss)
268 timing idealTree:node_modules/side-channel Completed in 234ms
269 silly placeDep ROOT es-define-property@1.0.0 OK for: call-bind@1.0.7 want: ^1.0.0
270 silly placeDep ROOT function-bind@1.1.2 OK for: call-bind@1.0.7 want: ^1.1.2
271 silly placeDep ROOT set-function-length@1.2.2 OK for: call-bind@1.0.7 want: ^1.2.1
272 silly fetch manifest define-data-property@^1.1.4
273 http fetch GET 200 https://registry.npmjs.org/define-data-property 43ms (cache miss)
274 silly fetch manifest gopd@^1.0.1
275 http fetch GET 200 https://registry.npmjs.org/gopd 31ms (cache miss)
276 silly fetch manifest has-property-descriptors@^1.0.2
277 http fetch GET 200 https://registry.npmjs.org/has-property-descriptors 35ms (cache miss)
278 timing idealTree:node_modules/call-bind Completed in 123ms
279 timing idealTree:node_modules/es-define-property Completed in 0ms
280 timing idealTree:node_modules/es-errors Completed in 0ms
281 timing idealTree:node_modules/function-bind Completed in 0ms
282 silly placeDep ROOT has-proto@1.0.3 OK for: get-intrinsic@1.2.4 want: ^1.0.1
283 silly placeDep ROOT has-symbols@1.0.3 OK for: get-intrinsic@1.2.4 want: ^1.0.3
284 silly placeDep ROOT hasown@2.0.2 OK for: get-intrinsic@1.2.4 want: ^2.0.0
285 timing idealTree:node_modules/get-intrinsic Completed in 6ms
286 timing idealTree:node_modules/has-proto Completed in 0ms
287 timing idealTree:node_modules/has-symbols Completed in 0ms
288 timing idealTree:node_modules/hasown Completed in 0ms
289 timing idealTree:node_modules/object-inspect Completed in 0ms
290 silly placeDep ROOT define-data-property@1.1.4 OK for: set-function-length@1.2.2 want: ^1.1.4
291 silly placeDep ROOT gopd@1.0.1 OK for: set-function-length@1.2.2 want: ^1.0.1
292 silly placeDep ROOT has-property-descriptors@1.0.2 OK for: set-function-length@1.2.2 want: ^1.0.2
293 timing idealTree:node_modules/set-function-length Completed in 15ms
294 timing idealTree:node_modules/define-data-property Completed in 0ms
295 timing idealTree:node_modules/gopd Completed in 0ms
296 timing idealTree:node_modules/has-property-descriptors Completed in 0ms
297 timing idealTree:node_modules/statuses Completed in 0ms
298 timing idealTree:node_modules/toidentifier Completed in 0ms
299 silly placeDep ROOT media-typer@0.3.0 OK for: type-is@1.6.18 want: 0.3.0
300 timing idealTree:node_modules/type-is Completed in 11ms
301 timing idealTree:node_modules/media-typer Completed in 0ms
302 timing idealTree:node_modules/unpipe Completed in 0ms
303 timing idealTree:node_modules/utils-merge Completed in 0ms
304 timing idealTree:node_modules/vary Completed in 1ms
305 timing idealTree:node_modules/send/node_modules/ms Completed in 0ms
306 timing idealTree:buildDeps Completed in 3051ms
307 timing idealTree:fixDepFlags Completed in 2ms
308 timing idealTree Completed in 3084ms
309 timing reify:loadTrees Completed in 3086ms
310 timing reify:diffTrees Completed in 6ms
311 silly reify moves {}
312 timing reify:retireShallow Completed in 2ms
313 timing reify:createSparse Completed in 10ms
314 timing reify:loadBundles Completed in 0ms
315 silly tarball no local data for media-typer@https://registry.npmjs.org/media-typer/-/media-typer-0.3.0.tgz. Extracting by manifest.
316 silly tarball no local data for has-property-descriptors@https://registry.npmjs.org/has-property-descriptors/-/has-property-descriptors-1.0.2.tgz. Extracting by manifest.
317 silly tarball no local data for gopd@https://registry.npmjs.org/gopd/-/gopd-1.0.1.tgz. Extracting by manifest.
318 silly tarball no local data for define-data-property@https://registry.npmjs.org/define-data-property/-/define-data-property-1.1.4.tgz. Extracting by manifest.
319 silly tarball no local data for hasown@https://registry.npmjs.org/hasown/-/hasown-2.0.2.tgz. Extracting by manifest.
320 silly tarball no local data for has-symbols@https://registry.npmjs.org/has-symbols/-/has-symbols-1.0.3.tgz. Extracting by manifest.
321 silly tarball no local data for has-proto@https://registry.npmjs.org/has-proto/-/has-proto-1.0.3.tgz. Extracting by manifest.
322 silly tarball no local data for set-function-length@https://registry.npmjs.org/set-function-length/-/set-function-length-1.2.2.tgz. Extracting by manifest.
323 silly tarball no local data for function-bind@https://registry.npmjs.org/function-bind/-/function-bind-1.1.2.tgz. Extracting by manifest.
324 silly tarball no local data for es-define-property@https://registry.npmjs.org/es-define-property/-/es-define-property-1.0.0.tgz. Extracting by manifest.
325 silly tarball no local data for object-inspect@https://registry.npmjs.org/object-inspect/-/object-inspect-1.13.1.tgz. Extracting by manifest.
326 silly tarball no local data for get-intrinsic@https://registry.npmjs.org/get-intrinsic/-/get-intrinsic-1.2.4.tgz. Extracting by manifest.
327 silly tarball no local data for es-errors@https://registry.npmjs.org/es-errors/-/es-errors-1.3.0.tgz. Extracting by manifest.
328 silly tarball no local data for call-bind@https://registry.npmjs.org/call-bind/-/call-bind-1.0.7.tgz. Extracting by manifest.
329 silly tarball no local data for mime@https://registry.npmjs.org/mime/-/mime-1.6.0.tgz. Extracting by manifest.
330 silly tarball no local data for side-channel@https://registry.npmjs.org/side-channel/-/side-channel-1.0.6.tgz. Extracting by manifest.
331 silly tarball no local data for ipaddr.js@https://registry.npmjs.org/ipaddr.js/-/ipaddr.js-1.9.1.tgz. Extracting by manifest.
332 silly tarball no local data for forwarded@https://registry.npmjs.org/forwarded/-/forwarded-0.2.0.tgz. Extracting by manifest.
333 silly tarball no local data for ee-first@https://registry.npmjs.org/ee-first/-/ee-first-1.1.1.tgz. Extracting by manifest.
334 silly tarball no local data for mime-db@https://registry.npmjs.org/mime-db/-/mime-db-1.52.0.tgz. Extracting by manifest.
335 silly tarball no local data for safer-buffer@https://registry.npmjs.org/safer-buffer/-/safer-buffer-2.1.2.tgz. Extracting by manifest.
336 silly tarball no local data for toidentifier@https://registry.npmjs.org/toidentifier/-/toidentifier-1.0.1.tgz. Extracting by manifest.
337 silly tarball no local data for inherits@https://registry.npmjs.org/inherits/-/inherits-2.0.4.tgz. Extracting by manifest.
338 silly tarball no local data for ms@https://registry.npmjs.org/ms/-/ms-2.0.0.tgz. Extracting by manifest.
339 silly tarball no local data for unpipe@https://registry.npmjs.org/unpipe/-/unpipe-1.0.0.tgz. Extracting by manifest.
340 silly tarball no local data for raw-body@https://registry.npmjs.org/raw-body/-/raw-body-2.5.2.tgz. Extracting by manifest.
341 silly tarball no local data for iconv-lite@https://registry.npmjs.org/iconv-lite/-/iconv-lite-0.4.24.tgz. Extracting by manifest.
342 silly tarball no local data for destroy@https://registry.npmjs.org/destroy/-/destroy-1.2.0.tgz. Extracting by manifest.
343 silly tarball no local data for bytes@https://registry.npmjs.org/bytes/-/bytes-3.1.2.tgz. Extracting by manifest.
344 silly tarball no local data for negotiator@https://registry.npmjs.org/negotiator/-/negotiator-0.6.3.tgz. Extracting by manifest.
345 silly tarball no local data for mime-types@https://registry.npmjs.org/mime-types/-/mime-types-2.1.35.tgz. Extracting by manifest.
346 silly tarball no local data for utils-merge@https://registry.npmjs.org/utils-merge/-/utils-merge-1.0.1.tgz. Extracting by manifest.
347 silly tarball no local data for type-is@https://registry.npmjs.org/type-is/-/type-is-1.6.18.tgz. Extracting by manifest.
348 silly tarball no local data for statuses@https://registry.npmjs.org/statuses/-/statuses-2.0.1.tgz. Extracting by manifest.
349 silly tarball no local data for setprototypeof@https://registry.npmjs.org/setprototypeof/-/setprototypeof-1.2.0.tgz. Extracting by manifest.
350 silly tarball no local data for serve-static@https://registry.npmjs.org/serve-static/-/serve-static-1.15.0.tgz. Extracting by manifest.
351 silly tarball no local data for send@https://registry.npmjs.org/send/-/send-0.18.0.tgz. Extracting by manifest.
352 silly tarball no local data for safe-buffer@https://registry.npmjs.org/safe-buffer/-/safe-buffer-5.2.1.tgz. Extracting by manifest.
353 silly tarball no local data for range-parser@https://registry.npmjs.org/range-parser/-/range-parser-1.2.1.tgz. Extracting by manifest.
354 silly tarball no local data for qs@https://registry.npmjs.org/qs/-/qs-6.11.0.tgz. Extracting by manifest.
355 silly tarball no local data for proxy-addr@https://registry.npmjs.org/proxy-addr/-/proxy-addr-2.0.7.tgz. Extracting by manifest.
356 silly tarball no local data for path-to-regexp@https://registry.npmjs.org/path-to-regexp/-/path-to-regexp-0.1.7.tgz. Extracting by manifest.
357 silly tarball no local data for parseurl@https://registry.npmjs.org/parseurl/-/parseurl-1.3.3.tgz. Extracting by manifest.
358 silly tarball no local data for on-finished@https://registry.npmjs.org/on-finished/-/on-finished-2.4.1.tgz. Extracting by manifest.
359 silly tarball no local data for methods@https://registry.npmjs.org/methods/-/methods-1.1.2.tgz. Extracting by manifest.
360 silly tarball no local data for merge-descriptors@https://registry.npmjs.org/merge-descriptors/-/merge-descriptors-1.0.1.tgz. Extracting by manifest.
361 silly tarball no local data for http-errors@https://registry.npmjs.org/http-errors/-/http-errors-2.0.0.tgz. Extracting by manifest.
362 silly tarball no local data for fresh@https://registry.npmjs.org/fresh/-/fresh-0.5.2.tgz. Extracting by manifest.
363 silly tarball no local data for finalhandler@https://registry.npmjs.org/finalhandler/-/finalhandler-1.2.0.tgz. Extracting by manifest.
364 silly tarball no local data for etag@https://registry.npmjs.org/etag/-/etag-1.8.1.tgz. Extracting by manifest.
365 silly tarball no local data for escape-html@https://registry.npmjs.org/escape-html/-/escape-html-1.0.3.tgz. Extracting by manifest.
366 silly tarball no local data for encodeurl@https://registry.npmjs.org/encodeurl/-/encodeurl-1.0.2.tgz. Extracting by manifest.
367 silly tarball no local data for depd@https://registry.npmjs.org/depd/-/depd-2.0.0.tgz. Extracting by manifest.
368 silly tarball no local data for debug@https://registry.npmjs.org/debug/-/debug-2.6.9.tgz. Extracting by manifest.
369 silly tarball no local data for cookie-signature@https://registry.npmjs.org/cookie-signature/-/cookie-signature-1.0.6.tgz. Extracting by manifest.
370 silly tarball no local data for cookie@https://registry.npmjs.org/cookie/-/cookie-0.6.0.tgz. Extracting by manifest.
371 silly tarball no local data for content-type@https://registry.npmjs.org/content-type/-/content-type-1.0.5.tgz. Extracting by manifest.
372 silly tarball no local data for content-disposition@https://registry.npmjs.org/content-disposition/-/content-disposition-0.5.4.tgz. Extracting by manifest.
373 silly tarball no local data for body-parser@https://registry.npmjs.org/body-parser/-/body-parser-1.20.2.tgz. Extracting by manifest.
374 silly tarball no local data for array-flatten@https://registry.npmjs.org/array-flatten/-/array-flatten-1.1.1.tgz. Extracting by manifest.
375 silly tarball no local data for accepts@https://registry.npmjs.org/accepts/-/accepts-1.3.8.tgz. Extracting by manifest.
376 silly tarball no local data for vary@https://registry.npmjs.org/vary/-/vary-1.1.2.tgz. Extracting by manifest.
377 silly tarball no local data for object-assign@https://registry.npmjs.org/object-assign/-/object-assign-4.1.1.tgz. Extracting by manifest.
378 silly tarball no local data for express@https://registry.npmjs.org/express/-/express-4.19.2.tgz. Extracting by manifest.
379 silly tarball no local data for cors@https://registry.npmjs.org/cors/-/cors-2.8.5.tgz. Extracting by manifest.
380 silly tarball no local data for ms@https://registry.npmjs.org/ms/-/ms-2.1.3.tgz. Extracting by manifest.
381 http fetch GET 200 https://registry.npmjs.org/media-typer/-/media-typer-0.3.0.tgz 1124ms (cache miss)
382 timing reifyNode:node_modules/media-typer Completed in 1177ms
383 http fetch GET 200 https://registry.npmjs.org/has-property-descriptors/-/has-property-descriptors-1.0.2.tgz 1152ms (cache miss)
384 timing reifyNode:node_modules/has-property-descriptors Completed in 1205ms
385 http fetch GET 200 https://registry.npmjs.org/ee-first/-/ee-first-1.1.1.tgz 1169ms (cache miss)
386 timing reifyNode:node_modules/ee-first Completed in 1243ms
387 http fetch GET 200 https://registry.npmjs.org/gopd/-/gopd-1.0.1.tgz 1198ms (cache miss)
388 timing reifyNode:node_modules/gopd Completed in 1252ms
389 http fetch GET 200 https://registry.npmjs.org/path-to-regexp/-/path-to-regexp-0.1.7.tgz 1151ms (cache miss)
390 timing reifyNode:node_modules/path-to-regexp Completed in 1255ms
391 http fetch GET 200 https://registry.npmjs.org/cookie-signature/-/cookie-signature-1.0.6.tgz 1083ms (cache miss)
392 timing reifyNode:node_modules/cookie-signature Completed in 1258ms
393 http fetch GET 200 https://registry.npmjs.org/hasown/-/hasown-2.0.2.tgz 1207ms (cache miss)
394 timing reifyNode:node_modules/hasown Completed in 1263ms
395 http fetch GET 200 https://registry.npmjs.org/es-define-property/-/es-define-property-1.0.0.tgz 1200ms (cache miss)
396 http fetch GET 200 https://registry.npmjs.org/inherits/-/inherits-2.0.4.tgz 1188ms (cache miss)
397 timing reifyNode:node_modules/inherits Completed in 1265ms
398 http fetch GET 200 https://registry.npmjs.org/unpipe/-/unpipe-1.0.0.tgz 1183ms (cache miss)
399 timing reifyNode:node_modules/unpipe Completed in 1265ms
400 http fetch GET 200 https://registry.npmjs.org/utils-merge/-/utils-merge-1.0.1.tgz 1176ms (cache miss)
401 timing reifyNode:node_modules/utils-merge Completed in 1267ms
402 http fetch GET 200 https://registry.npmjs.org/setprototypeof/-/setprototypeof-1.2.0.tgz 1173ms (cache miss)
403 timing reifyNode:node_modules/setprototypeof Completed in 1267ms
404 http fetch GET 200 https://registry.npmjs.org/merge-descriptors/-/merge-descriptors-1.0.1.tgz 1161ms (cache miss)
405 timing reifyNode:node_modules/merge-descriptors Completed in 1268ms
406 http fetch GET 200 https://registry.npmjs.org/forwarded/-/forwarded-0.2.0.tgz 1202ms (cache miss)
407 timing reifyNode:node_modules/forwarded Completed in 1275ms
408 http fetch GET 200 https://registry.npmjs.org/toidentifier/-/toidentifier-1.0.1.tgz 1199ms (cache miss)
409 timing reifyNode:node_modules/toidentifier Completed in 1276ms
410 http fetch GET 200 https://registry.npmjs.org/ms/-/ms-2.0.0.tgz 1197ms (cache miss)
411 timing reifyNode:node_modules/ms Completed in 1275ms
412 http fetch GET 200 https://registry.npmjs.org/destroy/-/destroy-1.2.0.tgz 1191ms (cache miss)
413 timing reifyNode:node_modules/destroy Completed in 1276ms
414 http fetch GET 200 https://registry.npmjs.org/type-is/-/type-is-1.6.18.tgz 1185ms (cache miss)
415 timing reifyNode:node_modules/type-is Completed in 1277ms
416 http fetch GET 200 https://registry.npmjs.org/parseurl/-/parseurl-1.3.3.tgz 1172ms (cache miss)
417 timing reifyNode:node_modules/parseurl Completed in 1276ms
418 http fetch GET 200 https://registry.npmjs.org/negotiator/-/negotiator-0.6.3.tgz 1191ms (cache miss)
419 timing reifyNode:node_modules/negotiator Completed in 1278ms
420 http fetch GET 200 https://registry.npmjs.org/escape-html/-/escape-html-1.0.3.tgz 1107ms (cache miss)
421 timing reifyNode:node_modules/escape-html Completed in 1277ms
422 http fetch GET 200 https://registry.npmjs.org/fresh/-/fresh-0.5.2.tgz 1150ms (cache miss)
423 timing reifyNode:node_modules/fresh Completed in 1278ms
424 http fetch GET 200 https://registry.npmjs.org/bytes/-/bytes-3.1.2.tgz 1201ms (cache miss)
425 timing reifyNode:node_modules/bytes Completed in 1287ms
426 http fetch GET 200 https://registry.npmjs.org/statuses/-/statuses-2.0.1.tgz 1195ms (cache miss)
427 timing reifyNode:node_modules/statuses Completed in 1288ms
428 http fetch GET 200 https://registry.npmjs.org/on-finished/-/on-finished-2.4.1.tgz 1183ms (cache miss)
429 timing reifyNode:node_modules/on-finished Completed in 1288ms
430 http fetch GET 200 https://registry.npmjs.org/encodeurl/-/encodeurl-1.0.2.tgz 1117ms (cache miss)
431 timing reifyNode:node_modules/encodeurl Completed in 1288ms
432 http fetch GET 200 https://registry.npmjs.org/methods/-/methods-1.1.2.tgz 1182ms (cache miss)
433 timing reifyNode:node_modules/methods Completed in 1289ms
434 http fetch GET 200 https://registry.npmjs.org/range-parser/-/range-parser-1.2.1.tgz 1192ms (cache miss)
435 timing reifyNode:node_modules/range-parser Completed in 1289ms
436 http fetch GET 200 https://registry.npmjs.org/http-errors/-/http-errors-2.0.0.tgz 1181ms (cache miss)
437 timing reifyNode:node_modules/http-errors Completed in 1289ms
438 http fetch GET 200 https://registry.npmjs.org/array-flatten/-/array-flatten-1.1.1.tgz 1110ms (cache miss)
439 timing reifyNode:node_modules/array-flatten Completed in 1289ms
440 http fetch GET 200 https://registry.npmjs.org/has-proto/-/has-proto-1.0.3.tgz 1238ms (cache miss)
441 timing reifyNode:node_modules/has-proto Completed in 1295ms
442 timing reifyNode:node_modules/es-define-property Completed in 1294ms
443 http fetch GET 200 https://registry.npmjs.org/mime-types/-/mime-types-2.1.35.tgz 1207ms (cache miss)
444 timing reifyNode:node_modules/mime-types Completed in 1295ms
445 http fetch GET 200 https://registry.npmjs.org/proxy-addr/-/proxy-addr-2.0.7.tgz 1193ms (cache miss)
446 timing reifyNode:node_modules/proxy-addr Completed in 1295ms
447 http fetch GET 200 https://registry.npmjs.org/finalhandler/-/finalhandler-1.2.0.tgz 1155ms (cache miss)
448 timing reifyNode:node_modules/finalhandler Completed in 1295ms
449 http fetch GET 200 https://registry.npmjs.org/ms/-/ms-2.1.3.tgz 1101ms (cache miss)
450 timing reifyNode:node_modules/send/node_modules/ms Completed in 1297ms
451 http fetch GET 200 https://registry.npmjs.org/vary/-/vary-1.1.2.tgz 1109ms (cache miss)
452 timing reifyNode:node_modules/vary Completed in 1296ms
453 http fetch GET 200 https://registry.npmjs.org/object-assign/-/object-assign-4.1.1.tgz 1109ms (cache miss)
454 timing reifyNode:node_modules/object-assign Completed in 1296ms
455 http fetch GET 200 https://registry.npmjs.org/content-disposition/-/content-disposition-0.5.4.tgz 1123ms (cache miss)
456 timing reifyNode:node_modules/content-disposition Completed in 1301ms
457 http fetch GET 200 https://registry.npmjs.org/content-type/-/content-type-1.0.5.tgz 1125ms (cache miss)
458 timing reifyNode:node_modules/content-type Completed in 1301ms
459 http fetch GET 200 https://registry.npmjs.org/etag/-/etag-1.8.1.tgz 1155ms (cache miss)
460 timing reifyNode:node_modules/etag Completed in 1303ms
461 http fetch GET 200 https://registry.npmjs.org/cors/-/cors-2.8.5.tgz 1111ms (cache miss)
462 timing reifyNode:node_modules/cors Completed in 1302ms
463 http fetch GET 200 https://registry.npmjs.org/accepts/-/accepts-1.3.8.tgz 1122ms (cache miss)
464 timing reifyNode:node_modules/accepts Completed in 1307ms
465 http fetch GET 200 https://registry.npmjs.org/safe-buffer/-/safe-buffer-5.2.1.tgz 1215ms (cache miss)
466 timing reifyNode:node_modules/safe-buffer Completed in 1311ms
467 http fetch GET 200 https://registry.npmjs.org/set-function-length/-/set-function-length-1.2.2.tgz 1258ms (cache miss)
468 timing reifyNode:node_modules/set-function-length Completed in 1316ms
469 http fetch GET 200 https://registry.npmjs.org/serve-static/-/serve-static-1.15.0.tgz 1221ms (cache miss)
470 timing reifyNode:node_modules/serve-static Completed in 1316ms
471 http fetch GET 200 https://registry.npmjs.org/raw-body/-/raw-body-2.5.2.tgz 1235ms (cache miss)
472 timing reifyNode:node_modules/raw-body Completed in 1318ms
473 http fetch GET 200 https://registry.npmjs.org/cookie/-/cookie-0.6.0.tgz 1145ms (cache miss)
474 timing reifyNode:node_modules/cookie Completed in 1320ms
475 http fetch GET 200 https://registry.npmjs.org/ipaddr.js/-/ipaddr.js-1.9.1.tgz 1253ms (cache miss)
476 timing reifyNode:node_modules/ipaddr.js Completed in 1325ms
477 http fetch GET 200 https://registry.npmjs.org/depd/-/depd-2.0.0.tgz 1151ms (cache miss)
478 timing reifyNode:node_modules/depd Completed in 1324ms
479 http fetch GET 200 https://registry.npmjs.org/define-data-property/-/define-data-property-1.1.4.tgz 1273ms (cache miss)
480 timing reifyNode:node_modules/define-data-property Completed in 1329ms
481 http fetch GET 200 https://registry.npmjs.org/get-intrinsic/-/get-intrinsic-1.2.4.tgz 1263ms (cache miss)
482 timing reifyNode:node_modules/get-intrinsic Completed in 1328ms
483 http fetch GET 200 https://registry.npmjs.org/es-errors/-/es-errors-1.3.0.tgz 1263ms (cache miss)
484 timing reifyNode:node_modules/es-errors Completed in 1329ms
485 http fetch GET 200 https://registry.npmjs.org/call-bind/-/call-bind-1.0.7.tgz 1262ms (cache miss)
486 timing reifyNode:node_modules/call-bind Completed in 1329ms
487 http fetch GET 200 https://registry.npmjs.org/send/-/send-0.18.0.tgz 1236ms (cache miss)
488 timing reifyNode:node_modules/send Completed in 1332ms
489 http fetch GET 200 https://registry.npmjs.org/side-channel/-/side-channel-1.0.6.tgz 1267ms (cache miss)
490 timing reifyNode:node_modules/side-channel Completed in 1336ms
491 http fetch GET 200 https://registry.npmjs.org/has-symbols/-/has-symbols-1.0.3.tgz 1283ms (cache miss)
492 timing reifyNode:node_modules/has-symbols Completed in 1339ms
493 http fetch GET 200 https://registry.npmjs.org/safer-buffer/-/safer-buffer-2.1.2.tgz 1262ms (cache miss)
494 timing reifyNode:node_modules/safer-buffer Completed in 1339ms
495 http fetch GET 200 https://registry.npmjs.org/function-bind/-/function-bind-1.1.2.tgz 1282ms (cache miss)
496 timing reifyNode:node_modules/function-bind Completed in 1341ms
497 http fetch GET 200 https://registry.npmjs.org/mime-db/-/mime-db-1.52.0.tgz 1273ms (cache miss)
498 timing reifyNode:node_modules/mime-db Completed in 1348ms
499 http fetch GET 200 https://registry.npmjs.org/mime/-/mime-1.6.0.tgz 1282ms (cache miss)
500 timing reifyNode:node_modules/mime Completed in 1350ms
501 http fetch GET 200 https://registry.npmjs.org/debug/-/debug-2.6.9.tgz 1179ms (cache miss)
502 timing reifyNode:node_modules/debug Completed in 1354ms
503 http fetch GET 200 https://registry.npmjs.org/body-parser/-/body-parser-1.20.2.tgz 1175ms (cache miss)
504 timing reifyNode:node_modules/body-parser Completed in 1353ms
505 http fetch GET 200 https://registry.npmjs.org/qs/-/qs-6.11.0.tgz 1295ms (cache miss)
506 timing reifyNode:node_modules/qs Completed in 1396ms
507 http fetch GET 200 https://registry.npmjs.org/object-inspect/-/object-inspect-1.13.1.tgz 1335ms (cache miss)
508 timing reifyNode:node_modules/object-inspect Completed in 1399ms
509 http fetch GET 200 https://registry.npmjs.org/express/-/express-4.19.2.tgz 1212ms (cache miss)
510 timing reifyNode:node_modules/express Completed in 1400ms
511 http fetch GET 200 https://registry.npmjs.org/iconv-lite/-/iconv-lite-0.4.24.tgz 1327ms (cache miss)
512 timing reifyNode:node_modules/iconv-lite Completed in 1411ms
513 timing reify:unpack Completed in 1414ms
514 timing reify:unretire Completed in 0ms
515 timing build:queue Completed in 4ms
516 timing build:link:node_modules/mime Completed in 2ms
517 timing build:link Completed in 3ms
518 timing build:deps Completed in 7ms
519 timing build Completed in 8ms
520 timing reify:build Completed in 8ms
521 timing reify:trash Completed in 0ms
522 timing reify:save Completed in 48ms
523 timing reify Completed in 4696ms
524 silly ADD node_modules/media-typer
525 silly ADD node_modules/has-property-descriptors
526 silly ADD node_modules/gopd
527 silly ADD node_modules/define-data-property
528 silly ADD node_modules/hasown
529 silly ADD node_modules/has-symbols
530 silly ADD node_modules/has-proto
531 silly ADD node_modules/set-function-length
532 silly ADD node_modules/function-bind
533 silly ADD node_modules/es-define-property
534 silly ADD node_modules/object-inspect
535 silly ADD node_modules/get-intrinsic
536 silly ADD node_modules/es-errors
537 silly ADD node_modules/call-bind
538 silly ADD node_modules/mime
539 silly ADD node_modules/side-channel
540 silly ADD node_modules/ipaddr.js
541 silly ADD node_modules/forwarded
542 silly ADD node_modules/ee-first
543 silly ADD node_modules/mime-db
544 silly ADD node_modules/safer-buffer
545 silly ADD node_modules/toidentifier
546 silly ADD node_modules/inherits
547 silly ADD node_modules/ms
548 silly ADD node_modules/unpipe
549 silly ADD node_modules/raw-body
550 silly ADD node_modules/iconv-lite
551 silly ADD node_modules/destroy
552 silly ADD node_modules/bytes
553 silly ADD node_modules/negotiator
554 silly ADD node_modules/mime-types
555 silly ADD node_modules/utils-merge
556 silly ADD node_modules/type-is
557 silly ADD node_modules/statuses
558 silly ADD node_modules/setprototypeof
559 silly ADD node_modules/serve-static
560 silly ADD node_modules/send
561 silly ADD node_modules/send/node_modules/ms
562 silly ADD node_modules/safe-buffer
563 silly ADD node_modules/range-parser
564 silly ADD node_modules/qs
565 silly ADD node_modules/proxy-addr
566 silly ADD node_modules/path-to-regexp
567 silly ADD node_modules/parseurl
568 silly ADD node_modules/on-finished
569 silly ADD node_modules/methods
570 silly ADD node_modules/merge-descriptors
571 silly ADD node_modules/http-errors
572 silly ADD node_modules/fresh
573 silly ADD node_modules/finalhandler
574 silly ADD node_modules/etag
575 silly ADD node_modules/escape-html
576 silly ADD node_modules/encodeurl
577 silly ADD node_modules/depd
578 silly ADD node_modules/debug
579 silly ADD node_modules/cookie-signature
580 silly ADD node_modules/cookie
581 silly ADD node_modules/content-type
582 silly ADD node_modules/content-disposition
583 silly ADD node_modules/body-parser
584 silly ADD node_modules/array-flatten
585 silly ADD node_modules/accepts
586 silly ADD node_modules/vary
587 silly ADD node_modules/object-assign
588 silly ADD node_modules/express
589 silly ADD node_modules/cors
590 timing command:i Completed in 4708ms
591 notice
591 notice New [33mminor[39m version of npm available! [31m10.5.0[39m -> [32m10.6.0[39m
591 notice Changelog: [36mhttps://github.com/npm/cli/releases/tag/v10.6.0[39m
591 notice Run [32mnpm install -g npm@10.6.0[39m to update!
591 notice
592 verbose exit 0
593 timing npm Completed in 5051ms
594 info ok
