0 verbose cli /usr/bin/node /usr/bin/npm
1 info using npm@10.5.0
2 info using node@v18.20.2
3 timing npm:load:whichnode Completed in 13ms
4 timing config:load:defaults Completed in 2ms
5 timing config:load:file:/usr/lib/node_modules/npm/npmrc Completed in 6ms
6 timing config:load:builtin Completed in 6ms
7 timing config:load:cli Completed in 2ms
8 timing config:load:env Completed in 1ms
9 timing config:load:project Completed in 1ms
10 timing config:load:file:/home/ubuntu/.npmrc Completed in 0ms
11 timing config:load:user Completed in 0ms
12 timing config:load:file:/usr/etc/npmrc Completed in 0ms
13 timing config:load:global Completed in 0ms
14 timing config:load:setEnvs Completed in 1ms
15 timing config:load Completed in 13ms
16 timing npm:load:configload Completed in 13ms
17 timing config:load:flatten Completed in 3ms
18 timing npm:load:mkdirpcache Completed in 1ms
19 timing npm:load:mkdirplogs Completed in 0ms
20 verbose title npm i @aws-sdk/client-sqs
21 verbose argv "i" "@aws-sdk/client-sqs"
22 timing npm:load:setTitle Completed in 1ms
23 timing npm:load:display Completed in 1ms
24 verbose logfile logs-max:10 dir:/home/ubuntu/.npm/_logs/2024-04-26T20_05_58_217Z-
25 verbose logfile /home/ubuntu/.npm/_logs/2024-04-26T20_05_58_217Z-debug-0.log
26 timing npm:load:logFile Completed in 10ms
27 timing npm:load:timers Completed in 0ms
28 timing npm:load:configScope Completed in 0ms
29 timing npm:load Completed in 60ms
30 timing arborist:ctor Completed in 0ms
31 silly logfile done cleaning log files
32 timing idealTree:init Completed in 75ms
33 timing idealTree:userRequests Completed in 2ms
34 silly idealTree buildDeps
35 silly fetch manifest @aws-sdk/client-sqs@*
36 timing arborist:ctor Completed in 0ms
37 http fetch GET 200 https://registry.npmjs.org/@aws-sdk%2fclient-sqs 247ms (cache miss)
38 silly placeDep ROOT @aws-sdk/client-sqs@3.564.0 OK for:  want: *
39 silly fetch manifest @aws-crypto/sha256-browser@3.0.0
40 http fetch GET 200 https://registry.npmjs.org/@aws-crypto%2fsha256-browser 73ms (cache miss)
41 silly fetch manifest @aws-crypto/sha256-js@3.0.0
42 http fetch GET 200 https://registry.npmjs.org/@aws-crypto%2fsha256-js 73ms (cache miss)
43 silly fetch manifest @aws-sdk/core@3.556.0
44 http fetch GET 200 https://registry.npmjs.org/@aws-sdk%2fcore 90ms (cache miss)
45 silly fetch manifest @aws-sdk/credential-provider-node@3.564.0
46 http fetch GET 200 https://registry.npmjs.org/@aws-sdk%2fcredential-provider-node 142ms (cache miss)
47 silly fetch manifest @aws-sdk/middleware-host-header@3.535.0
48 http fetch GET 200 https://registry.npmjs.org/@aws-sdk%2fmiddleware-host-header 143ms (cache miss)
49 silly fetch manifest @aws-sdk/middleware-logger@3.535.0
50 http fetch GET 200 https://registry.npmjs.org/@aws-sdk%2fmiddleware-logger 84ms (cache miss)
51 silly fetch manifest @aws-sdk/middleware-recursion-detection@3.535.0
52 http fetch GET 200 https://registry.npmjs.org/@aws-sdk%2fmiddleware-recursion-detection 103ms (cache miss)
53 silly fetch manifest @aws-sdk/middleware-sdk-sqs@3.552.0
54 http fetch GET 200 https://registry.npmjs.org/@aws-sdk%2fmiddleware-sdk-sqs 101ms (cache miss)
55 silly fetch manifest @aws-sdk/middleware-user-agent@3.540.0
56 http fetch GET 200 https://registry.npmjs.org/@aws-sdk%2fmiddleware-user-agent 116ms (cache miss)
57 silly fetch manifest @aws-sdk/region-config-resolver@3.535.0
58 http fetch GET 200 https://registry.npmjs.org/@aws-sdk%2fregion-config-resolver 82ms (cache miss)
59 silly fetch manifest @aws-sdk/types@3.535.0
60 http fetch GET 200 https://registry.npmjs.org/@aws-sdk%2ftypes 89ms (cache miss)
61 silly fetch manifest @aws-sdk/util-endpoints@3.540.0
62 http fetch GET 200 https://registry.npmjs.org/@aws-sdk%2futil-endpoints 89ms (cache miss)
63 silly fetch manifest @aws-sdk/util-user-agent-browser@3.535.0
64 http fetch GET 200 https://registry.npmjs.org/@aws-sdk%2futil-user-agent-browser 135ms (cache miss)
65 silly fetch manifest @aws-sdk/util-user-agent-node@3.535.0
66 http fetch GET 200 https://registry.npmjs.org/@aws-sdk%2futil-user-agent-node 167ms (cache miss)
67 silly fetch manifest @smithy/config-resolver@^2.2.0
68 http fetch GET 200 https://registry.npmjs.org/@smithy%2fconfig-resolver 101ms (cache miss)
69 silly fetch manifest @smithy/core@^1.4.2
70 http fetch GET 200 https://registry.npmjs.org/@smithy%2fcore 75ms (cache miss)
71 silly fetch manifest @smithy/fetch-http-handler@^2.5.0
72 http fetch GET 200 https://registry.npmjs.org/@smithy%2ffetch-http-handler 112ms (cache miss)
73 silly fetch manifest @smithy/hash-node@^2.2.0
74 http fetch GET 200 https://registry.npmjs.org/@smithy%2fhash-node 114ms (cache miss)
75 silly fetch manifest @smithy/invalid-dependency@^2.2.0
76 http fetch GET 200 https://registry.npmjs.org/@smithy%2finvalid-dependency 100ms (cache miss)
77 silly fetch manifest @smithy/md5-js@^2.2.0
78 http fetch GET 200 https://registry.npmjs.org/@smithy%2fmd5-js 82ms (cache miss)
79 silly fetch manifest @smithy/middleware-content-length@^2.2.0
80 http fetch GET 200 https://registry.npmjs.org/@smithy%2fmiddleware-content-length 121ms (cache miss)
81 silly fetch manifest @smithy/middleware-endpoint@^2.5.1
82 http fetch GET 200 https://registry.npmjs.org/@smithy%2fmiddleware-endpoint 115ms (cache miss)
83 silly fetch manifest @smithy/middleware-retry@^2.3.1
84 http fetch GET 200 https://registry.npmjs.org/@smithy%2fmiddleware-retry 91ms (cache miss)
85 silly fetch manifest @smithy/middleware-serde@^2.3.0
86 http fetch GET 200 https://registry.npmjs.org/@smithy%2fmiddleware-serde 98ms (cache miss)
87 silly fetch manifest @smithy/middleware-stack@^2.2.0
88 http fetch GET 200 https://registry.npmjs.org/@smithy%2fmiddleware-stack 116ms (cache miss)
89 silly fetch manifest @smithy/node-config-provider@^2.3.0
90 http fetch GET 200 https://registry.npmjs.org/@smithy%2fnode-config-provider 105ms (cache miss)
91 silly fetch manifest @smithy/node-http-handler@^2.5.0
92 http fetch GET 200 https://registry.npmjs.org/@smithy%2fnode-http-handler 102ms (cache miss)
93 silly fetch manifest @smithy/protocol-http@^3.3.0
94 http fetch GET 200 https://registry.npmjs.org/@smithy%2fprotocol-http 128ms (cache miss)
95 silly fetch manifest @smithy/smithy-client@^2.5.1
96 http fetch GET 200 https://registry.npmjs.org/@smithy%2fsmithy-client 106ms (cache miss)
97 silly fetch manifest @smithy/types@^2.12.0
98 http fetch GET 200 https://registry.npmjs.org/@smithy%2ftypes 162ms (cache miss)
99 silly fetch manifest @smithy/url-parser@^2.2.0
100 http fetch GET 200 https://registry.npmjs.org/@smithy%2furl-parser 92ms (cache miss)
101 silly fetch manifest @smithy/util-base64@^2.3.0
102 http fetch GET 200 https://registry.npmjs.org/@smithy%2futil-base64 108ms (cache miss)
103 silly fetch manifest @smithy/util-body-length-browser@^2.2.0
104 http fetch GET 200 https://registry.npmjs.org/@smithy%2futil-body-length-browser 99ms (cache miss)
105 silly fetch manifest @smithy/util-body-length-node@^2.3.0
106 http fetch GET 200 https://registry.npmjs.org/@smithy%2futil-body-length-node 81ms (cache miss)
107 silly fetch manifest @smithy/util-defaults-mode-browser@^2.2.1
108 http fetch GET 200 https://registry.npmjs.org/@smithy%2futil-defaults-mode-browser 104ms (cache miss)
109 silly fetch manifest @smithy/util-defaults-mode-node@^2.3.1
110 http fetch GET 200 https://registry.npmjs.org/@smithy%2futil-defaults-mode-node 73ms (cache miss)
111 silly fetch manifest @smithy/util-endpoints@^1.2.0
112 http fetch GET 200 https://registry.npmjs.org/@smithy%2futil-endpoints 83ms (cache miss)
113 silly fetch manifest @smithy/util-middleware@^2.2.0
114 http fetch GET 200 https://registry.npmjs.org/@smithy%2futil-middleware 87ms (cache miss)
115 silly fetch manifest @smithy/util-retry@^2.2.0
116 http fetch GET 200 https://registry.npmjs.org/@smithy%2futil-retry 100ms (cache miss)
117 silly fetch manifest @smithy/util-utf8@^2.3.0
118 http fetch GET 200 https://registry.npmjs.org/@smithy%2futil-utf8 91ms (cache miss)
119 silly fetch manifest tslib@^2.6.2
120 http fetch GET 200 https://registry.npmjs.org/tslib 43ms (cache miss)
121 timing idealTree:#root Completed in 4569ms
122 silly fetch manifest aws-crt@>=1.0.0
123 http fetch GET 200 https://registry.npmjs.org/aws-crt 51ms (cache miss)
124 silly placeDep ROOT @aws-crypto/sha256-browser@3.0.0 OK for: @aws-sdk/client-sqs@3.564.0 want: 3.0.0
125 silly placeDep ROOT @aws-crypto/sha256-js@3.0.0 OK for: @aws-sdk/client-sqs@3.564.0 want: 3.0.0
126 silly placeDep ROOT @aws-sdk/core@3.556.0 OK for: @aws-sdk/client-sqs@3.564.0 want: 3.556.0
127 silly placeDep ROOT @aws-sdk/credential-provider-node@3.564.0 OK for: @aws-sdk/client-sqs@3.564.0 want: 3.564.0
128 silly placeDep ROOT @aws-sdk/middleware-host-header@3.535.0 OK for: @aws-sdk/client-sqs@3.564.0 want: 3.535.0
129 silly placeDep ROOT @aws-sdk/middleware-logger@3.535.0 OK for: @aws-sdk/client-sqs@3.564.0 want: 3.535.0
130 silly placeDep ROOT @aws-sdk/middleware-recursion-detection@3.535.0 OK for: @aws-sdk/client-sqs@3.564.0 want: 3.535.0
131 silly placeDep ROOT @aws-sdk/middleware-sdk-sqs@3.552.0 OK for: @aws-sdk/client-sqs@3.564.0 want: 3.552.0
132 silly placeDep ROOT @aws-sdk/middleware-user-agent@3.540.0 OK for: @aws-sdk/client-sqs@3.564.0 want: 3.540.0
133 silly placeDep ROOT @aws-sdk/region-config-resolver@3.535.0 OK for: @aws-sdk/client-sqs@3.564.0 want: 3.535.0
134 silly placeDep ROOT @aws-sdk/types@3.535.0 OK for: @aws-sdk/client-sqs@3.564.0 want: 3.535.0
135 silly placeDep ROOT @aws-sdk/util-endpoints@3.540.0 OK for: @aws-sdk/client-sqs@3.564.0 want: 3.540.0
136 silly placeDep ROOT @aws-sdk/util-user-agent-browser@3.535.0 OK for: @aws-sdk/client-sqs@3.564.0 want: 3.535.0
137 silly placeDep ROOT @aws-sdk/util-user-agent-node@3.535.0 OK for: @aws-sdk/client-sqs@3.564.0 want: 3.535.0
138 silly placeDep ROOT @smithy/config-resolver@2.2.0 OK for: @aws-sdk/client-sqs@3.564.0 want: ^2.2.0
139 silly placeDep ROOT @smithy/core@1.4.2 OK for: @aws-sdk/client-sqs@3.564.0 want: ^1.4.2
140 silly placeDep ROOT @smithy/fetch-http-handler@2.5.0 OK for: @aws-sdk/client-sqs@3.564.0 want: ^2.5.0
141 silly placeDep ROOT @smithy/hash-node@2.2.0 OK for: @aws-sdk/client-sqs@3.564.0 want: ^2.2.0
142 silly placeDep ROOT @smithy/invalid-dependency@2.2.0 OK for: @aws-sdk/client-sqs@3.564.0 want: ^2.2.0
143 silly placeDep ROOT @smithy/md5-js@2.2.0 OK for: @aws-sdk/client-sqs@3.564.0 want: ^2.2.0
144 silly placeDep ROOT @smithy/middleware-content-length@2.2.0 OK for: @aws-sdk/client-sqs@3.564.0 want: ^2.2.0
145 silly placeDep ROOT @smithy/middleware-endpoint@2.5.1 OK for: @aws-sdk/client-sqs@3.564.0 want: ^2.5.1
146 silly placeDep ROOT @smithy/middleware-retry@2.3.1 OK for: @aws-sdk/client-sqs@3.564.0 want: ^2.3.1
147 silly placeDep ROOT @smithy/middleware-serde@2.3.0 OK for: @aws-sdk/client-sqs@3.564.0 want: ^2.3.0
148 silly placeDep ROOT @smithy/middleware-stack@2.2.0 OK for: @aws-sdk/client-sqs@3.564.0 want: ^2.2.0
149 silly placeDep ROOT @smithy/node-config-provider@2.3.0 OK for: @aws-sdk/client-sqs@3.564.0 want: ^2.3.0
150 silly placeDep ROOT @smithy/node-http-handler@2.5.0 OK for: @aws-sdk/client-sqs@3.564.0 want: ^2.5.0
151 silly placeDep ROOT @smithy/protocol-http@3.3.0 OK for: @aws-sdk/client-sqs@3.564.0 want: ^3.3.0
152 silly placeDep ROOT @smithy/smithy-client@2.5.1 OK for: @aws-sdk/client-sqs@3.564.0 want: ^2.5.1
153 silly placeDep ROOT @smithy/types@2.12.0 OK for: @aws-sdk/client-sqs@3.564.0 want: ^2.12.0
154 silly placeDep ROOT @smithy/url-parser@2.2.0 OK for: @aws-sdk/client-sqs@3.564.0 want: ^2.2.0
155 silly placeDep ROOT @smithy/util-base64@2.3.0 OK for: @aws-sdk/client-sqs@3.564.0 want: ^2.3.0
156 silly placeDep ROOT @smithy/util-body-length-browser@2.2.0 OK for: @aws-sdk/client-sqs@3.564.0 want: ^2.2.0
157 silly placeDep ROOT @smithy/util-body-length-node@2.3.0 OK for: @aws-sdk/client-sqs@3.564.0 want: ^2.3.0
158 silly placeDep ROOT @smithy/util-defaults-mode-browser@2.2.1 OK for: @aws-sdk/client-sqs@3.564.0 want: ^2.2.1
159 silly placeDep ROOT @smithy/util-defaults-mode-node@2.3.1 OK for: @aws-sdk/client-sqs@3.564.0 want: ^2.3.1
160 silly placeDep ROOT @smithy/util-endpoints@1.2.0 OK for: @aws-sdk/client-sqs@3.564.0 want: ^1.2.0
161 silly placeDep ROOT @smithy/util-middleware@2.2.0 OK for: @aws-sdk/client-sqs@3.564.0 want: ^2.2.0
162 silly placeDep ROOT @smithy/util-retry@2.2.0 OK for: @aws-sdk/client-sqs@3.564.0 want: ^2.2.0
163 silly placeDep ROOT @smithy/util-utf8@2.3.0 OK for: @aws-sdk/client-sqs@3.564.0 want: ^2.3.0
164 silly placeDep ROOT tslib@2.6.2 OK for: @aws-sdk/client-sqs@3.564.0 want: ^2.6.2
165 silly fetch manifest @aws-crypto/ie11-detection@^3.0.0
166 http fetch GET 200 https://registry.npmjs.org/@aws-crypto%2fie11-detection 83ms (cache miss)
167 silly fetch manifest @aws-crypto/sha256-js@^3.0.0
168 silly fetch manifest @aws-crypto/supports-web-crypto@^3.0.0
169 http fetch GET 200 https://registry.npmjs.org/@aws-crypto%2fsupports-web-crypto 160ms (cache miss)
170 silly fetch manifest @aws-crypto/util@^3.0.0
171 http fetch GET 200 https://registry.npmjs.org/@aws-crypto%2futil 97ms (cache miss)
172 silly fetch manifest @aws-sdk/types@^3.222.0
173 silly fetch manifest @aws-sdk/util-locate-window@^3.0.0
174 http fetch GET 200 https://registry.npmjs.org/@aws-sdk%2futil-locate-window 144ms (cache miss)
175 silly fetch manifest @aws-sdk/util-utf8-browser@^3.0.0
176 http fetch GET 200 https://registry.npmjs.org/@aws-sdk%2futil-utf8-browser 83ms (cache miss)
177 silly fetch manifest tslib@^1.11.1
178 silly fetch manifest @smithy/signature-v4@^2.3.0
179 http fetch GET 200 https://registry.npmjs.org/@smithy%2fsignature-v4 78ms (cache miss)
180 silly fetch manifest fast-xml-parser@4.2.5
181 http fetch GET 200 https://registry.npmjs.org/fast-xml-parser 50ms (cache miss)
182 silly fetch manifest @aws-sdk/credential-provider-env@3.535.0
183 http fetch GET 200 https://registry.npmjs.org/@aws-sdk%2fcredential-provider-env 113ms (cache miss)
184 silly fetch manifest @aws-sdk/credential-provider-http@3.552.0
185 http fetch GET 200 https://registry.npmjs.org/@aws-sdk%2fcredential-provider-http 79ms (cache miss)
186 silly fetch manifest @aws-sdk/credential-provider-ini@3.564.0
187 http fetch GET 200 https://registry.npmjs.org/@aws-sdk%2fcredential-provider-ini 120ms (cache miss)
188 silly fetch manifest @aws-sdk/credential-provider-process@3.535.0
189 http fetch GET 200 https://registry.npmjs.org/@aws-sdk%2fcredential-provider-process 141ms (cache miss)
190 silly fetch manifest @aws-sdk/credential-provider-sso@3.564.0
191 http fetch GET 200 https://registry.npmjs.org/@aws-sdk%2fcredential-provider-sso 95ms (cache miss)
192 silly fetch manifest @aws-sdk/credential-provider-web-identity@3.556.0
193 http fetch GET 200 https://registry.npmjs.org/@aws-sdk%2fcredential-provider-web-identity 130ms (cache miss)
194 silly fetch manifest @smithy/credential-provider-imds@^2.3.0
195 http fetch GET 200 https://registry.npmjs.org/@smithy%2fcredential-provider-imds 90ms (cache miss)
196 silly fetch manifest @smithy/property-provider@^2.2.0
197 http fetch GET 200 https://registry.npmjs.org/@smithy%2fproperty-provider 81ms (cache miss)
198 silly fetch manifest @smithy/shared-ini-file-loader@^2.4.0
199 http fetch GET 200 https://registry.npmjs.org/@smithy%2fshared-ini-file-loader 86ms (cache miss)
200 silly fetch manifest @smithy/util-hex-encoding@^2.2.0
201 http fetch GET 200 https://registry.npmjs.org/@smithy%2futil-hex-encoding 92ms (cache miss)
202 silly fetch manifest @smithy/util-config-provider@^2.3.0
203 http fetch GET 200 https://registry.npmjs.org/@smithy%2futil-config-provider 86ms (cache miss)
204 silly fetch manifest bowser@^2.11.0
205 http fetch GET 200 https://registry.npmjs.org/bowser 41ms (cache miss)
206 silly fetch manifest @smithy/querystring-builder@^2.2.0
207 http fetch GET 200 https://registry.npmjs.org/@smithy%2fquerystring-builder 117ms (cache miss)
208 silly fetch manifest @smithy/util-buffer-from@^2.2.0
209 http fetch GET 200 https://registry.npmjs.org/@smithy%2futil-buffer-from 89ms (cache miss)
210 silly fetch manifest @smithy/service-error-classification@^2.1.5
211 http fetch GET 200 https://registry.npmjs.org/@smithy%2fservice-error-classification 92ms (cache miss)
212 silly fetch manifest uuid@^9.0.1
213 http fetch GET 200 https://registry.npmjs.org/uuid 47ms (cache miss)
214 silly fetch manifest @smithy/abort-controller@^2.2.0
215 http fetch GET 200 https://registry.npmjs.org/@smithy%2fabort-controller 93ms (cache miss)
216 silly fetch manifest @smithy/util-stream@^2.2.0
217 http fetch GET 200 https://registry.npmjs.org/@smithy%2futil-stream 92ms (cache miss)
218 silly fetch manifest @smithy/querystring-parser@^2.2.0
219 http fetch GET 200 https://registry.npmjs.org/@smithy%2fquerystring-parser 108ms (cache miss)
220 timing idealTree:node_modules/@aws-sdk/client-sqs Completed in 2864ms
221 silly placeDep ROOT @aws-crypto/ie11-detection@3.0.0 OK for: @aws-crypto/sha256-browser@3.0.0 want: ^3.0.0
222 silly placeDep ROOT @aws-crypto/supports-web-crypto@3.0.0 OK for: @aws-crypto/sha256-browser@3.0.0 want: ^3.0.0
223 silly placeDep ROOT @aws-crypto/util@3.0.0 OK for: @aws-crypto/sha256-browser@3.0.0 want: ^3.0.0
224 silly placeDep ROOT @aws-sdk/util-locate-window@3.535.0 OK for: @aws-crypto/sha256-browser@3.0.0 want: ^3.0.0
225 silly placeDep ROOT @aws-sdk/util-utf8-browser@3.259.0 OK for: @aws-crypto/sha256-browser@3.0.0 want: ^3.0.0
226 silly placeDep node_modules/@aws-crypto/sha256-browser tslib@1.14.1 OK for: @aws-crypto/sha256-browser@3.0.0 want: ^1.11.1
227 timing idealTree:node_modules/@aws-crypto/sha256-browser Completed in 14ms
228 silly placeDep node_modules/@aws-crypto/ie11-detection tslib@1.14.1 OK for: @aws-crypto/ie11-detection@3.0.0 want: ^1.11.1
229 timing idealTree:node_modules/@aws-crypto/ie11-detection Completed in 5ms
230 silly placeDep node_modules/@aws-crypto/sha256-js tslib@1.14.1 OK for: @aws-crypto/sha256-js@3.0.0 want: ^1.11.1
231 timing idealTree:node_modules/@aws-crypto/sha256-js Completed in 2ms
232 silly placeDep node_modules/@aws-crypto/supports-web-crypto tslib@1.14.1 OK for: @aws-crypto/supports-web-crypto@3.0.0 want: ^1.11.1
233 timing idealTree:node_modules/@aws-crypto/supports-web-crypto Completed in 2ms
234 silly placeDep node_modules/@aws-crypto/util tslib@1.14.1 OK for: @aws-crypto/util@3.0.0 want: ^1.11.1
235 timing idealTree:node_modules/@aws-crypto/util Completed in 2ms
236 silly placeDep ROOT @smithy/signature-v4@2.3.0 OK for: @aws-sdk/core@3.556.0 want: ^2.3.0
237 silly placeDep ROOT fast-xml-parser@4.2.5 OK for: @aws-sdk/core@3.556.0 want: 4.2.5
238 silly fetch manifest @smithy/is-array-buffer@^2.2.0
239 http fetch GET 200 https://registry.npmjs.org/@smithy%2fis-array-buffer 100ms (cache miss)
240 silly fetch manifest @smithy/util-uri-escape@^2.2.0
241 http fetch GET 200 https://registry.npmjs.org/@smithy%2futil-uri-escape 66ms (cache miss)
242 silly fetch manifest strnum@^1.0.5
243 http fetch GET 200 https://registry.npmjs.org/strnum 38ms (cache miss)
244 timing idealTree:node_modules/@aws-sdk/core Completed in 214ms
245 silly placeDep ROOT @aws-sdk/credential-provider-env@3.535.0 OK for: @aws-sdk/credential-provider-node@3.564.0 want: 3.535.0
246 silly placeDep ROOT @aws-sdk/credential-provider-http@3.552.0 OK for: @aws-sdk/credential-provider-node@3.564.0 want: 3.552.0
247 silly placeDep ROOT @aws-sdk/credential-provider-ini@3.564.0 OK for: @aws-sdk/credential-provider-node@3.564.0 want: 3.564.0
248 silly placeDep ROOT @aws-sdk/credential-provider-process@3.535.0 OK for: @aws-sdk/credential-provider-node@3.564.0 want: 3.535.0
249 silly placeDep ROOT @aws-sdk/credential-provider-sso@3.564.0 OK for: @aws-sdk/credential-provider-node@3.564.0 want: 3.564.0
250 silly placeDep ROOT @aws-sdk/credential-provider-web-identity@3.556.0 OK for: @aws-sdk/credential-provider-node@3.564.0 want: 3.556.0
251 silly placeDep ROOT @smithy/credential-provider-imds@2.3.0 OK for: @aws-sdk/credential-provider-node@3.564.0 want: ^2.3.0
252 silly placeDep ROOT @smithy/property-provider@2.2.0 OK for: @aws-sdk/credential-provider-node@3.564.0 want: ^2.2.0
253 silly placeDep ROOT @smithy/shared-ini-file-loader@2.4.0 OK for: @aws-sdk/credential-provider-node@3.564.0 want: ^2.4.0
254 silly fetch manifest @aws-sdk/client-sts@3.556.0
255 http fetch GET 200 https://registry.npmjs.org/@aws-sdk%2fclient-sts 206ms (cache miss)
256 silly fetch manifest @aws-sdk/client-sso@3.556.0
257 http fetch GET 200 https://registry.npmjs.org/@aws-sdk%2fclient-sso 113ms (cache miss)
258 silly fetch manifest @aws-sdk/token-providers@3.564.0
259 http fetch GET 200 https://registry.npmjs.org/@aws-sdk%2ftoken-providers 97ms (cache miss)
260 timing idealTree:node_modules/@aws-sdk/credential-provider-node Completed in 510ms
261 timing idealTree:node_modules/@aws-sdk/credential-provider-env Completed in 0ms
262 silly placeDep ROOT @smithy/util-stream@2.2.0 OK for: @aws-sdk/credential-provider-http@3.552.0 want: ^2.2.0
263 timing idealTree:node_modules/@aws-sdk/credential-provider-http Completed in 4ms
264 silly fetch manifest @aws-sdk/credential-provider-node@^3.556.0
265 silly placeDep ROOT @aws-sdk/client-sts@3.556.0 OK for: @aws-sdk/credential-provider-ini@3.564.0 want: 3.556.0
266 timing idealTree:node_modules/@aws-sdk/credential-provider-ini Completed in 19ms
267 timing idealTree:node_modules/@aws-sdk/client-sts Completed in 0ms
268 timing idealTree:node_modules/@aws-sdk/credential-provider-process Completed in 0ms
269 silly placeDep ROOT @aws-sdk/client-sso@3.556.0 OK for: @aws-sdk/credential-provider-sso@3.564.0 want: 3.556.0
270 silly placeDep ROOT @aws-sdk/token-providers@3.564.0 OK for: @aws-sdk/credential-provider-sso@3.564.0 want: 3.564.0
271 silly fetch manifest @aws-sdk/client-sso-oidc@3.564.0
272 http fetch GET 200 https://registry.npmjs.org/@aws-sdk%2fclient-sso-oidc 89ms (cache miss)
273 timing idealTree:node_modules/@aws-sdk/credential-provider-sso Completed in 115ms
274 timing idealTree:node_modules/@aws-sdk/client-sso Completed in 0ms
275 timing idealTree:node_modules/@aws-sdk/credential-provider-web-identity Completed in 0ms
276 timing idealTree:node_modules/@aws-sdk/middleware-host-header Completed in 0ms
277 timing idealTree:node_modules/@aws-sdk/middleware-logger Completed in 0ms
278 timing idealTree:node_modules/@aws-sdk/middleware-recursion-detection Completed in 0ms
279 silly placeDep ROOT @smithy/util-hex-encoding@2.2.0 OK for: @aws-sdk/middleware-sdk-sqs@3.552.0 want: ^2.2.0
280 timing idealTree:node_modules/@aws-sdk/middleware-sdk-sqs Completed in 8ms
281 timing idealTree:node_modules/@aws-sdk/middleware-user-agent Completed in 0ms
282 silly placeDep ROOT @smithy/util-config-provider@2.3.0 OK for: @aws-sdk/region-config-resolver@3.535.0 want: ^2.3.0
283 timing idealTree:node_modules/@aws-sdk/region-config-resolver Completed in 2ms
284 silly fetch manifest @aws-sdk/credential-provider-node@^3.564.0
285 silly placeDep ROOT @aws-sdk/client-sso-oidc@3.564.0 OK for: @aws-sdk/token-providers@3.564.0 want: 3.564.0
286 timing idealTree:node_modules/@aws-sdk/token-providers Completed in 19ms
287 timing idealTree:node_modules/@aws-sdk/client-sso-oidc Completed in 0ms
288 timing idealTree:node_modules/@aws-sdk/types Completed in 0ms
289 timing idealTree:node_modules/@aws-sdk/util-endpoints Completed in 0ms
290 timing idealTree:node_modules/@aws-sdk/util-locate-window Completed in 0ms
291 silly placeDep ROOT bowser@2.11.0 OK for: @aws-sdk/util-user-agent-browser@3.535.0 want: ^2.11.0
292 timing idealTree:node_modules/@aws-sdk/util-user-agent-browser Completed in 3ms
293 timing idealTree:node_modules/@aws-sdk/util-user-agent-node Completed in 0ms
294 timing idealTree:node_modules/@aws-sdk/util-utf8-browser Completed in 0ms
295 timing idealTree:node_modules/@smithy/config-resolver Completed in 0ms
296 timing idealTree:node_modules/@smithy/core Completed in 0ms
297 timing idealTree:node_modules/@smithy/credential-provider-imds Completed in 0ms
298 silly placeDep ROOT @smithy/querystring-builder@2.2.0 OK for: @smithy/fetch-http-handler@2.5.0 want: ^2.2.0
299 timing idealTree:node_modules/@smithy/fetch-http-handler Completed in 7ms
300 silly placeDep ROOT @smithy/util-buffer-from@2.2.0 OK for: @smithy/hash-node@2.2.0 want: ^2.2.0
301 timing idealTree:node_modules/@smithy/hash-node Completed in 3ms
302 timing idealTree:node_modules/@smithy/invalid-dependency Completed in 0ms
303 timing idealTree:node_modules/@smithy/md5-js Completed in 0ms
304 timing idealTree:node_modules/@smithy/middleware-content-length Completed in 0ms
305 timing idealTree:node_modules/@smithy/middleware-endpoint Completed in 0ms
306 silly placeDep ROOT @smithy/service-error-classification@2.1.5 OK for: @smithy/middleware-retry@2.3.1 want: ^2.1.5
307 silly placeDep ROOT uuid@9.0.1 OK for: @smithy/middleware-retry@2.3.1 want: ^9.0.1
308 timing idealTree:node_modules/@smithy/middleware-retry Completed in 4ms
309 timing idealTree:node_modules/@smithy/middleware-serde Completed in 0ms
310 timing idealTree:node_modules/@smithy/middleware-stack Completed in 0ms
311 timing idealTree:node_modules/@smithy/node-config-provider Completed in 0ms
312 silly placeDep ROOT @smithy/abort-controller@2.2.0 OK for: @smithy/node-http-handler@2.5.0 want: ^2.2.0
313 timing idealTree:node_modules/@smithy/node-http-handler Completed in 2ms
314 timing idealTree:node_modules/@smithy/abort-controller Completed in 0ms
315 timing idealTree:node_modules/@smithy/property-provider Completed in 0ms
316 timing idealTree:node_modules/@smithy/protocol-http Completed in 0ms
317 silly placeDep ROOT @smithy/util-uri-escape@2.2.0 OK for: @smithy/querystring-builder@2.2.0 want: ^2.2.0
318 timing idealTree:node_modules/@smithy/querystring-builder Completed in 3ms
319 timing idealTree:node_modules/@smithy/service-error-classification Completed in 0ms
320 timing idealTree:node_modules/@smithy/shared-ini-file-loader Completed in 0ms
321 silly placeDep ROOT @smithy/is-array-buffer@2.2.0 OK for: @smithy/signature-v4@2.3.0 want: ^2.2.0
322 timing idealTree:node_modules/@smithy/signature-v4 Completed in 2ms
323 timing idealTree:node_modules/@smithy/is-array-buffer Completed in 0ms
324 timing idealTree:node_modules/@smithy/smithy-client Completed in 0ms
325 timing idealTree:node_modules/@smithy/types Completed in 0ms
326 silly placeDep ROOT @smithy/querystring-parser@2.2.0 OK for: @smithy/url-parser@2.2.0 want: ^2.2.0
327 timing idealTree:node_modules/@smithy/url-parser Completed in 3ms
328 timing idealTree:node_modules/@smithy/querystring-parser Completed in 0ms
329 timing idealTree:node_modules/@smithy/util-base64 Completed in 0ms
330 timing idealTree:node_modules/@smithy/util-body-length-browser Completed in 0ms
331 timing idealTree:node_modules/@smithy/util-body-length-node Completed in 0ms
332 timing idealTree:node_modules/@smithy/util-buffer-from Completed in 0ms
333 timing idealTree:node_modules/@smithy/util-config-provider Completed in 0ms
334 timing idealTree:node_modules/@smithy/util-defaults-mode-browser Completed in 0ms
335 timing idealTree:node_modules/@smithy/util-defaults-mode-node Completed in 0ms
336 timing idealTree:node_modules/@smithy/util-endpoints Completed in 0ms
337 timing idealTree:node_modules/@smithy/util-hex-encoding Completed in 0ms
338 timing idealTree:node_modules/@smithy/util-middleware Completed in 0ms
339 timing idealTree:node_modules/@smithy/util-retry Completed in 0ms
340 timing idealTree:node_modules/@smithy/util-stream Completed in 0ms
341 timing idealTree:node_modules/@smithy/util-uri-escape Completed in 0ms
342 timing idealTree:node_modules/@smithy/util-utf8 Completed in 0ms
343 timing idealTree:node_modules/bowser Completed in 0ms
344 silly placeDep ROOT strnum@1.0.5 OK for: fast-xml-parser@4.2.5 want: ^1.0.5
345 timing idealTree:node_modules/fast-xml-parser Completed in 1ms
346 timing idealTree:node_modules/strnum Completed in 0ms
347 timing idealTree:node_modules/tslib Completed in 0ms
348 timing idealTree:node_modules/uuid Completed in 0ms
349 timing idealTree:node_modules/@aws-crypto/ie11-detection/node_modules/tslib Completed in 1ms
350 timing idealTree:node_modules/@aws-crypto/sha256-browser/node_modules/tslib Completed in 0ms
351 timing idealTree:node_modules/@aws-crypto/sha256-js/node_modules/tslib Completed in 0ms
352 timing idealTree:node_modules/@aws-crypto/supports-web-crypto/node_modules/tslib Completed in 0ms
353 timing idealTree:node_modules/@aws-crypto/util/node_modules/tslib Completed in 0ms
354 timing idealTree:buildDeps Completed in 8386ms
355 timing idealTree:fixDepFlags Completed in 2ms
356 timing idealTree Completed in 8470ms
357 timing reify:loadTrees Completed in 8470ms
358 timing reify:diffTrees Completed in 5ms
359 silly reify moves {}
360 timing reify:retireShallow Completed in 2ms
361 timing reify:createSparse Completed in 64ms
362 timing reify:loadBundles Completed in 0ms
363 silly audit bulk request {
363 silly audit   accepts: [ '1.3.8' ],
363 silly audit   'array-flatten': [ '1.1.1' ],
363 silly audit   'body-parser': [ '1.20.2' ],
363 silly audit   bytes: [ '3.1.2' ],
363 silly audit   'call-bind': [ '1.0.7' ],
363 silly audit   'content-disposition': [ '0.5.4' ],
363 silly audit   'content-type': [ '1.0.5' ],
363 silly audit   cookie: [ '0.6.0' ],
363 silly audit   'cookie-signature': [ '1.0.6' ],
363 silly audit   cors: [ '2.8.5' ],
363 silly audit   debug: [ '2.6.9' ],
363 silly audit   'define-data-property': [ '1.1.4' ],
363 silly audit   depd: [ '2.0.0' ],
363 silly audit   destroy: [ '1.2.0' ],
363 silly audit   'ee-first': [ '1.1.1' ],
363 silly audit   encodeurl: [ '1.0.2' ],
363 silly audit   'es-define-property': [ '1.0.0' ],
363 silly audit   'es-errors': [ '1.3.0' ],
363 silly audit   'escape-html': [ '1.0.3' ],
363 silly audit   etag: [ '1.8.1' ],
363 silly audit   express: [ '4.19.2' ],
363 silly audit   finalhandler: [ '1.2.0' ],
363 silly audit   forwarded: [ '0.2.0' ],
363 silly audit   fresh: [ '0.5.2' ],
363 silly audit   'function-bind': [ '1.1.2' ],
363 silly audit   'get-intrinsic': [ '1.2.4' ],
363 silly audit   gopd: [ '1.0.1' ],
363 silly audit   'has-property-descriptors': [ '1.0.2' ],
363 silly audit   'has-proto': [ '1.0.3' ],
363 silly audit   'has-symbols': [ '1.0.3' ],
363 silly audit   hasown: [ '2.0.2' ],
363 silly audit   'http-errors': [ '2.0.0' ],
363 silly audit   'iconv-lite': [ '0.4.24' ],
363 silly audit   inherits: [ '2.0.4' ],
363 silly audit   'ipaddr.js': [ '1.9.1' ],
363 silly audit   'media-typer': [ '0.3.0' ],
363 silly audit   'merge-descriptors': [ '1.0.1' ],
363 silly audit   methods: [ '1.1.2' ],
363 silly audit   mime: [ '1.6.0' ],
363 silly audit   'mime-db': [ '1.52.0' ],
363 silly audit   'mime-types': [ '2.1.35' ],
363 silly audit   ms: [ '2.0.0', '2.1.3' ],
363 silly audit   negotiator: [ '0.6.3' ],
363 silly audit   'object-assign': [ '4.1.1' ],
363 silly audit   'object-inspect': [ '1.13.1' ],
363 silly audit   'on-finished': [ '2.4.1' ],
363 silly audit   parseurl: [ '1.3.3' ],
363 silly audit   'path-to-regexp': [ '0.1.7' ],
363 silly audit   'proxy-addr': [ '2.0.7' ],
363 silly audit   qs: [ '6.11.0' ],
363 silly audit   'range-parser': [ '1.2.1' ],
363 silly audit   'raw-body': [ '2.5.2' ],
363 silly audit   'safe-buffer': [ '5.2.1' ],
363 silly audit   'safer-buffer': [ '2.1.2' ],
363 silly audit   send: [ '0.18.0' ],
363 silly audit   'serve-static': [ '1.15.0' ],
363 silly audit   'set-function-length': [ '1.2.2' ],
363 silly audit   setprototypeof: [ '1.2.0' ],
363 silly audit   'side-channel': [ '1.0.6' ],
363 silly audit   statuses: [ '2.0.1' ],
363 silly audit   toidentifier: [ '1.0.1' ],
363 silly audit   'type-is': [ '1.6.18' ],
363 silly audit   unpipe: [ '1.0.0' ],
363 silly audit   'utils-merge': [ '1.0.1' ],
363 silly audit   vary: [ '1.1.2' ],
363 silly audit   '@aws-sdk/client-sqs': [ '3.564.0' ],
363 silly audit   '@aws-crypto/sha256-browser': [ '3.0.0' ],
363 silly audit   '@aws-crypto/sha256-js': [ '3.0.0' ],
363 silly audit   '@aws-sdk/core': [ '3.556.0' ],
363 silly audit   '@aws-sdk/credential-provider-node': [ '3.564.0' ],
363 silly audit   '@aws-sdk/middleware-host-header': [ '3.535.0' ],
363 silly audit   '@aws-sdk/middleware-logger': [ '3.535.0' ],
363 silly audit   '@aws-sdk/middleware-recursion-detection': [ '3.535.0' ],
363 silly audit   '@aws-sdk/middleware-sdk-sqs': [ '3.552.0' ],
363 silly audit   '@aws-sdk/middleware-user-agent': [ '3.540.0' ],
363 silly audit   '@aws-sdk/region-config-resolver': [ '3.535.0' ],
363 silly audit   '@aws-sdk/types': [ '3.535.0' ],
363 silly audit   '@aws-sdk/util-endpoints': [ '3.540.0' ],
363 silly audit   '@aws-sdk/util-user-agent-browser': [ '3.535.0' ],
363 silly audit   '@aws-sdk/util-user-agent-node': [ '3.535.0' ],
363 silly audit   '@smithy/config-resolver': [ '2.2.0' ],
363 silly audit   '@smithy/core': [ '1.4.2' ],
363 silly audit   '@smithy/fetch-http-handler': [ '2.5.0' ],
363 silly audit   '@smithy/hash-node': [ '2.2.0' ],
363 silly audit   '@smithy/invalid-dependency': [ '2.2.0' ],
363 silly audit   '@smithy/md5-js': [ '2.2.0' ],
363 silly audit   '@smithy/middleware-content-length': [ '2.2.0' ],
363 silly audit   '@smithy/middleware-endpoint': [ '2.5.1' ],
363 silly audit   '@smithy/middleware-retry': [ '2.3.1' ],
363 silly audit   '@smithy/middleware-serde': [ '2.3.0' ],
363 silly audit   '@smithy/middleware-stack': [ '2.2.0' ],
363 silly audit   '@smithy/node-config-provider': [ '2.3.0' ],
363 silly audit   '@smithy/node-http-handler': [ '2.5.0' ],
363 silly audit   '@smithy/protocol-http': [ '3.3.0' ],
363 silly audit   '@smithy/smithy-client': [ '2.5.1' ],
363 silly audit   '@smithy/types': [ '2.12.0' ],
363 silly audit   '@smithy/url-parser': [ '2.2.0' ],
363 silly audit   '@smithy/util-base64': [ '2.3.0' ],
363 silly audit   '@smithy/util-body-length-browser': [ '2.2.0' ],
363 silly audit   '@smithy/util-body-length-node': [ '2.3.0' ],
363 silly audit   '@smithy/util-defaults-mode-browser': [ '2.2.1' ],
363 silly audit   '@smithy/util-defaults-mode-node': [ '2.3.1' ],
363 silly audit   '@smithy/util-endpoints': [ '1.2.0' ],
363 silly audit   '@smithy/util-middleware': [ '2.2.0' ],
363 silly audit   '@smithy/util-retry': [ '2.2.0' ],
363 silly audit   '@smithy/util-utf8': [ '2.3.0' ],
363 silly audit   tslib: [ '2.6.2', '1.14.1' ],
363 silly audit   '@aws-crypto/ie11-detection': [ '3.0.0' ],
363 silly audit   '@aws-crypto/supports-web-crypto': [ '3.0.0' ],
363 silly audit   '@aws-crypto/util': [ '3.0.0' ],
363 silly audit   '@aws-sdk/util-locate-window': [ '3.535.0' ],
363 silly audit   '@aws-sdk/util-utf8-browser': [ '3.259.0' ],
363 silly audit   '@smithy/signature-v4': [ '2.3.0' ],
363 silly audit   'fast-xml-parser': [ '4.2.5' ],
363 silly audit   '@aws-sdk/credential-provider-env': [ '3.535.0' ],
363 silly audit   '@aws-sdk/credential-provider-http': [ '3.552.0' ],
363 silly audit   '@aws-sdk/credential-provider-ini': [ '3.564.0' ],
363 silly audit   '@aws-sdk/credential-provider-process': [ '3.535.0' ],
363 silly audit   '@aws-sdk/credential-provider-sso': [ '3.564.0' ],
363 silly audit   '@aws-sdk/credential-provider-web-identity': [ '3.556.0' ],
363 silly audit   '@smithy/credential-provider-imds': [ '2.3.0' ],
363 silly audit   '@smithy/property-provider': [ '2.2.0' ],
363 silly audit   '@smithy/shared-ini-file-loader': [ '2.4.0' ],
363 silly audit   '@smithy/util-stream': [ '2.2.0' ],
363 silly audit   '@aws-sdk/client-sts': [ '3.556.0' ],
363 silly audit   '@aws-sdk/client-sso': [ '3.556.0' ],
363 silly audit   '@aws-sdk/token-providers': [ '3.564.0' ],
363 silly audit   '@smithy/util-hex-encoding': [ '2.2.0' ],
363 silly audit   '@smithy/util-config-provider': [ '2.3.0' ],
363 silly audit   '@aws-sdk/client-sso-oidc': [ '3.564.0' ],
363 silly audit   bowser: [ '2.11.0' ],
363 silly audit   '@smithy/querystring-builder': [ '2.2.0' ],
363 silly audit   '@smithy/util-buffer-from': [ '2.2.0' ],
363 silly audit   '@smithy/service-error-classification': [ '2.1.5' ],
363 silly audit   uuid: [ '9.0.1' ],
363 silly audit   '@smithy/abort-controller': [ '2.2.0' ],
363 silly audit   '@smithy/util-uri-escape': [ '2.2.0' ],
363 silly audit   '@smithy/is-array-buffer': [ '2.2.0' ],
363 silly audit   '@smithy/querystring-parser': [ '2.2.0' ],
363 silly audit   strnum: [ '1.0.5' ]
363 silly audit }
364 silly tarball no local data for strnum@https://registry.npmjs.org/strnum/-/strnum-1.0.5.tgz. Extracting by manifest.
365 silly tarball no local data for @smithy/querystring-parser@https://registry.npmjs.org/@smithy/querystring-parser/-/querystring-parser-2.2.0.tgz. Extracting by manifest.
366 silly tarball no local data for @smithy/is-array-buffer@https://registry.npmjs.org/@smithy/is-array-buffer/-/is-array-buffer-2.2.0.tgz. Extracting by manifest.
367 silly tarball no local data for @smithy/util-uri-escape@https://registry.npmjs.org/@smithy/util-uri-escape/-/util-uri-escape-2.2.0.tgz. Extracting by manifest.
368 silly tarball no local data for @smithy/abort-controller@https://registry.npmjs.org/@smithy/abort-controller/-/abort-controller-2.2.0.tgz. Extracting by manifest.
369 silly tarball no local data for uuid@https://registry.npmjs.org/uuid/-/uuid-9.0.1.tgz. Extracting by manifest.
370 silly tarball no local data for @smithy/service-error-classification@https://registry.npmjs.org/@smithy/service-error-classification/-/service-error-classification-2.1.5.tgz. Extracting by manifest.
371 silly tarball no local data for @smithy/util-buffer-from@https://registry.npmjs.org/@smithy/util-buffer-from/-/util-buffer-from-2.2.0.tgz. Extracting by manifest.
372 silly tarball no local data for @smithy/querystring-builder@https://registry.npmjs.org/@smithy/querystring-builder/-/querystring-builder-2.2.0.tgz. Extracting by manifest.
373 silly tarball no local data for bowser@https://registry.npmjs.org/bowser/-/bowser-2.11.0.tgz. Extracting by manifest.
374 silly tarball no local data for @aws-sdk/client-sso-oidc@https://registry.npmjs.org/@aws-sdk/client-sso-oidc/-/client-sso-oidc-3.564.0.tgz. Extracting by manifest.
375 silly tarball no local data for @smithy/util-config-provider@https://registry.npmjs.org/@smithy/util-config-provider/-/util-config-provider-2.3.0.tgz. Extracting by manifest.
376 silly tarball no local data for @smithy/util-hex-encoding@https://registry.npmjs.org/@smithy/util-hex-encoding/-/util-hex-encoding-2.2.0.tgz. Extracting by manifest.
377 silly tarball no local data for @aws-sdk/token-providers@https://registry.npmjs.org/@aws-sdk/token-providers/-/token-providers-3.564.0.tgz. Extracting by manifest.
378 silly tarball no local data for @aws-sdk/client-sso@https://registry.npmjs.org/@aws-sdk/client-sso/-/client-sso-3.556.0.tgz. Extracting by manifest.
379 silly tarball no local data for @aws-sdk/client-sts@https://registry.npmjs.org/@aws-sdk/client-sts/-/client-sts-3.556.0.tgz. Extracting by manifest.
380 silly tarball no local data for @smithy/util-stream@https://registry.npmjs.org/@smithy/util-stream/-/util-stream-2.2.0.tgz. Extracting by manifest.
381 silly tarball no local data for @smithy/shared-ini-file-loader@https://registry.npmjs.org/@smithy/shared-ini-file-loader/-/shared-ini-file-loader-2.4.0.tgz. Extracting by manifest.
382 silly tarball no local data for @smithy/property-provider@https://registry.npmjs.org/@smithy/property-provider/-/property-provider-2.2.0.tgz. Extracting by manifest.
383 silly tarball no local data for @smithy/credential-provider-imds@https://registry.npmjs.org/@smithy/credential-provider-imds/-/credential-provider-imds-2.3.0.tgz. Extracting by manifest.
384 silly tarball no local data for @aws-sdk/credential-provider-web-identity@https://registry.npmjs.org/@aws-sdk/credential-provider-web-identity/-/credential-provider-web-identity-3.556.0.tgz. Extracting by manifest.
385 silly tarball no local data for @aws-sdk/credential-provider-sso@https://registry.npmjs.org/@aws-sdk/credential-provider-sso/-/credential-provider-sso-3.564.0.tgz. Extracting by manifest.
386 silly tarball no local data for @aws-sdk/credential-provider-process@https://registry.npmjs.org/@aws-sdk/credential-provider-process/-/credential-provider-process-3.535.0.tgz. Extracting by manifest.
387 silly tarball no local data for @aws-sdk/credential-provider-ini@https://registry.npmjs.org/@aws-sdk/credential-provider-ini/-/credential-provider-ini-3.564.0.tgz. Extracting by manifest.
388 silly tarball no local data for @aws-sdk/credential-provider-http@https://registry.npmjs.org/@aws-sdk/credential-provider-http/-/credential-provider-http-3.552.0.tgz. Extracting by manifest.
389 silly tarball no local data for @aws-sdk/credential-provider-env@https://registry.npmjs.org/@aws-sdk/credential-provider-env/-/credential-provider-env-3.535.0.tgz. Extracting by manifest.
390 silly tarball no local data for fast-xml-parser@https://registry.npmjs.org/fast-xml-parser/-/fast-xml-parser-4.2.5.tgz. Extracting by manifest.
391 silly tarball no local data for @smithy/signature-v4@https://registry.npmjs.org/@smithy/signature-v4/-/signature-v4-2.3.0.tgz. Extracting by manifest.
392 silly tarball no local data for @aws-sdk/util-utf8-browser@https://registry.npmjs.org/@aws-sdk/util-utf8-browser/-/util-utf8-browser-3.259.0.tgz. Extracting by manifest.
393 silly tarball no local data for @aws-sdk/util-locate-window@https://registry.npmjs.org/@aws-sdk/util-locate-window/-/util-locate-window-3.535.0.tgz. Extracting by manifest.
394 silly tarball no local data for @aws-crypto/util@https://registry.npmjs.org/@aws-crypto/util/-/util-3.0.0.tgz. Extracting by manifest.
395 silly tarball no local data for @aws-crypto/supports-web-crypto@https://registry.npmjs.org/@aws-crypto/supports-web-crypto/-/supports-web-crypto-3.0.0.tgz. Extracting by manifest.
396 silly tarball no local data for @aws-crypto/ie11-detection@https://registry.npmjs.org/@aws-crypto/ie11-detection/-/ie11-detection-3.0.0.tgz. Extracting by manifest.
397 silly tarball no local data for tslib@https://registry.npmjs.org/tslib/-/tslib-2.6.2.tgz. Extracting by manifest.
398 silly tarball no local data for @smithy/util-utf8@https://registry.npmjs.org/@smithy/util-utf8/-/util-utf8-2.3.0.tgz. Extracting by manifest.
399 silly tarball no local data for @smithy/util-retry@https://registry.npmjs.org/@smithy/util-retry/-/util-retry-2.2.0.tgz. Extracting by manifest.
400 silly tarball no local data for @smithy/util-middleware@https://registry.npmjs.org/@smithy/util-middleware/-/util-middleware-2.2.0.tgz. Extracting by manifest.
401 silly tarball no local data for @smithy/util-endpoints@https://registry.npmjs.org/@smithy/util-endpoints/-/util-endpoints-1.2.0.tgz. Extracting by manifest.
402 silly tarball no local data for @smithy/util-defaults-mode-node@https://registry.npmjs.org/@smithy/util-defaults-mode-node/-/util-defaults-mode-node-2.3.1.tgz. Extracting by manifest.
403 silly tarball no local data for @smithy/util-defaults-mode-browser@https://registry.npmjs.org/@smithy/util-defaults-mode-browser/-/util-defaults-mode-browser-2.2.1.tgz. Extracting by manifest.
404 silly tarball no local data for @smithy/util-body-length-node@https://registry.npmjs.org/@smithy/util-body-length-node/-/util-body-length-node-2.3.0.tgz. Extracting by manifest.
405 silly tarball no local data for @smithy/util-body-length-browser@https://registry.npmjs.org/@smithy/util-body-length-browser/-/util-body-length-browser-2.2.0.tgz. Extracting by manifest.
406 silly tarball no local data for @smithy/util-base64@https://registry.npmjs.org/@smithy/util-base64/-/util-base64-2.3.0.tgz. Extracting by manifest.
407 silly tarball no local data for @smithy/url-parser@https://registry.npmjs.org/@smithy/url-parser/-/url-parser-2.2.0.tgz. Extracting by manifest.
408 silly tarball no local data for @smithy/types@https://registry.npmjs.org/@smithy/types/-/types-2.12.0.tgz. Extracting by manifest.
409 silly tarball no local data for @smithy/smithy-client@https://registry.npmjs.org/@smithy/smithy-client/-/smithy-client-2.5.1.tgz. Extracting by manifest.
410 silly tarball no local data for @smithy/protocol-http@https://registry.npmjs.org/@smithy/protocol-http/-/protocol-http-3.3.0.tgz. Extracting by manifest.
411 silly tarball no local data for @smithy/node-http-handler@https://registry.npmjs.org/@smithy/node-http-handler/-/node-http-handler-2.5.0.tgz. Extracting by manifest.
412 silly tarball no local data for @smithy/node-config-provider@https://registry.npmjs.org/@smithy/node-config-provider/-/node-config-provider-2.3.0.tgz. Extracting by manifest.
413 silly tarball no local data for @smithy/middleware-stack@https://registry.npmjs.org/@smithy/middleware-stack/-/middleware-stack-2.2.0.tgz. Extracting by manifest.
414 silly tarball no local data for @smithy/middleware-serde@https://registry.npmjs.org/@smithy/middleware-serde/-/middleware-serde-2.3.0.tgz. Extracting by manifest.
415 silly tarball no local data for @smithy/middleware-retry@https://registry.npmjs.org/@smithy/middleware-retry/-/middleware-retry-2.3.1.tgz. Extracting by manifest.
416 silly tarball no local data for @smithy/middleware-endpoint@https://registry.npmjs.org/@smithy/middleware-endpoint/-/middleware-endpoint-2.5.1.tgz. Extracting by manifest.
417 silly tarball no local data for @smithy/middleware-content-length@https://registry.npmjs.org/@smithy/middleware-content-length/-/middleware-content-length-2.2.0.tgz. Extracting by manifest.
418 silly tarball no local data for @smithy/md5-js@https://registry.npmjs.org/@smithy/md5-js/-/md5-js-2.2.0.tgz. Extracting by manifest.
419 silly tarball no local data for @smithy/invalid-dependency@https://registry.npmjs.org/@smithy/invalid-dependency/-/invalid-dependency-2.2.0.tgz. Extracting by manifest.
420 silly tarball no local data for @smithy/hash-node@https://registry.npmjs.org/@smithy/hash-node/-/hash-node-2.2.0.tgz. Extracting by manifest.
421 silly tarball no local data for @smithy/fetch-http-handler@https://registry.npmjs.org/@smithy/fetch-http-handler/-/fetch-http-handler-2.5.0.tgz. Extracting by manifest.
422 silly tarball no local data for @smithy/core@https://registry.npmjs.org/@smithy/core/-/core-1.4.2.tgz. Extracting by manifest.
423 silly tarball no local data for @smithy/config-resolver@https://registry.npmjs.org/@smithy/config-resolver/-/config-resolver-2.2.0.tgz. Extracting by manifest.
424 silly tarball no local data for @aws-sdk/util-user-agent-node@https://registry.npmjs.org/@aws-sdk/util-user-agent-node/-/util-user-agent-node-3.535.0.tgz. Extracting by manifest.
425 silly tarball no local data for @aws-sdk/util-user-agent-browser@https://registry.npmjs.org/@aws-sdk/util-user-agent-browser/-/util-user-agent-browser-3.535.0.tgz. Extracting by manifest.
426 silly tarball no local data for @aws-sdk/util-endpoints@https://registry.npmjs.org/@aws-sdk/util-endpoints/-/util-endpoints-3.540.0.tgz. Extracting by manifest.
427 silly tarball no local data for @aws-sdk/types@https://registry.npmjs.org/@aws-sdk/types/-/types-3.535.0.tgz. Extracting by manifest.
428 silly tarball no local data for @aws-sdk/region-config-resolver@https://registry.npmjs.org/@aws-sdk/region-config-resolver/-/region-config-resolver-3.535.0.tgz. Extracting by manifest.
429 silly tarball no local data for @aws-sdk/middleware-user-agent@https://registry.npmjs.org/@aws-sdk/middleware-user-agent/-/middleware-user-agent-3.540.0.tgz. Extracting by manifest.
430 silly tarball no local data for @aws-sdk/middleware-sdk-sqs@https://registry.npmjs.org/@aws-sdk/middleware-sdk-sqs/-/middleware-sdk-sqs-3.552.0.tgz. Extracting by manifest.
431 silly tarball no local data for @aws-sdk/middleware-recursion-detection@https://registry.npmjs.org/@aws-sdk/middleware-recursion-detection/-/middleware-recursion-detection-3.535.0.tgz. Extracting by manifest.
432 silly tarball no local data for @aws-sdk/middleware-logger@https://registry.npmjs.org/@aws-sdk/middleware-logger/-/middleware-logger-3.535.0.tgz. Extracting by manifest.
433 silly tarball no local data for @aws-sdk/middleware-host-header@https://registry.npmjs.org/@aws-sdk/middleware-host-header/-/middleware-host-header-3.535.0.tgz. Extracting by manifest.
434 silly tarball no local data for @aws-sdk/credential-provider-node@https://registry.npmjs.org/@aws-sdk/credential-provider-node/-/credential-provider-node-3.564.0.tgz. Extracting by manifest.
435 silly tarball no local data for @aws-sdk/core@https://registry.npmjs.org/@aws-sdk/core/-/core-3.556.0.tgz. Extracting by manifest.
436 silly tarball no local data for @aws-crypto/sha256-js@https://registry.npmjs.org/@aws-crypto/sha256-js/-/sha256-js-3.0.0.tgz. Extracting by manifest.
437 silly tarball no local data for @aws-crypto/sha256-browser@https://registry.npmjs.org/@aws-crypto/sha256-browser/-/sha256-browser-3.0.0.tgz. Extracting by manifest.
438 silly tarball no local data for @aws-sdk/client-sqs@https://registry.npmjs.org/@aws-sdk/client-sqs/-/client-sqs-3.564.0.tgz. Extracting by manifest.
439 silly tarball no local data for tslib@https://registry.npmjs.org/tslib/-/tslib-1.14.1.tgz. Extracting by manifest.
440 silly tarball no local data for tslib@https://registry.npmjs.org/tslib/-/tslib-1.14.1.tgz. Extracting by manifest.
441 silly tarball no local data for tslib@https://registry.npmjs.org/tslib/-/tslib-1.14.1.tgz. Extracting by manifest.
442 silly tarball no local data for tslib@https://registry.npmjs.org/tslib/-/tslib-1.14.1.tgz. Extracting by manifest.
443 silly tarball no local data for tslib@https://registry.npmjs.org/tslib/-/tslib-1.14.1.tgz. Extracting by manifest.
444 http fetch POST 200 https://registry.npmjs.org/-/npm/v1/security/advisories/bulk 458ms
445 timing auditReport:getReport Completed in 476ms
446 silly audit report {}
447 timing auditReport:init Completed in 0ms
448 timing reify:audit Completed in 478ms
449 http fetch GET 200 https://registry.npmjs.org/tslib/-/tslib-1.14.1.tgz 1211ms (cache miss)
450 timing reifyNode:node_modules/@aws-crypto/util/node_modules/tslib Completed in 1472ms
451 http fetch GET 200 https://registry.npmjs.org/@smithy/util-hex-encoding/-/util-hex-encoding-2.2.0.tgz 1367ms (cache miss)
452 http fetch GET 200 https://registry.npmjs.org/strnum/-/strnum-1.0.5.tgz 1404ms (cache miss)
453 timing reifyNode:node_modules/strnum Completed in 1497ms
454 http fetch GET 200 https://registry.npmjs.org/@smithy/is-array-buffer/-/is-array-buffer-2.2.0.tgz 1416ms (cache miss)
455 http fetch GET 200 https://registry.npmjs.org/@smithy/middleware-content-length/-/middleware-content-length-2.2.0.tgz 1349ms (cache miss)
456 http fetch GET 200 https://registry.npmjs.org/@smithy/querystring-parser/-/querystring-parser-2.2.0.tgz 1441ms (cache miss)
457 timing reifyNode:node_modules/@smithy/querystring-parser Completed in 1536ms
458 http fetch GET 200 https://registry.npmjs.org/@smithy/querystring-builder/-/querystring-builder-2.2.0.tgz 1434ms (cache miss)
459 timing reifyNode:node_modules/@smithy/querystring-builder Completed in 1537ms
460 timing reifyNode:node_modules/@smithy/util-hex-encoding Completed in 1537ms
461 http fetch GET 200 https://registry.npmjs.org/@aws-sdk/util-locate-window/-/util-locate-window-3.535.0.tgz 1408ms (cache miss)
462 timing reifyNode:node_modules/@aws-sdk/util-locate-window Completed in 1541ms
463 http fetch GET 200 https://registry.npmjs.org/@smithy/url-parser/-/url-parser-2.2.0.tgz 1394ms (cache miss)
464 timing reifyNode:node_modules/@smithy/url-parser Completed in 1541ms
465 http fetch GET 200 https://registry.npmjs.org/@smithy/util-body-length-node/-/util-body-length-node-2.3.0.tgz 1401ms (cache miss)
466 http fetch GET 200 https://registry.npmjs.org/@aws-sdk/credential-provider-env/-/credential-provider-env-3.535.0.tgz 1433ms (cache miss)
467 http fetch GET 200 https://registry.npmjs.org/@smithy/hash-node/-/hash-node-2.2.0.tgz 1399ms (cache miss)
468 timing reifyNode:node_modules/@smithy/hash-node Completed in 1559ms
469 timing reifyNode:node_modules/@smithy/is-array-buffer Completed in 1569ms
470 timing reifyNode:node_modules/@smithy/middleware-content-length Completed in 1563ms
471 http fetch GET 200 https://registry.npmjs.org/@smithy/util-buffer-from/-/util-buffer-from-2.2.0.tgz 1480ms (cache miss)
472 timing reifyNode:node_modules/@smithy/util-buffer-from Completed in 1582ms
473 http fetch GET 200 https://registry.npmjs.org/@smithy/util-body-length-browser/-/util-body-length-browser-2.2.0.tgz 1444ms (cache miss)
474 http fetch GET 200 https://registry.npmjs.org/@aws-sdk/middleware-recursion-detection/-/middleware-recursion-detection-3.535.0.tgz 1419ms (cache miss)
475 timing reifyNode:node_modules/@aws-sdk/middleware-recursion-detection Completed in 1592ms
476 http fetch GET 200 https://registry.npmjs.org/@aws-sdk/middleware-host-header/-/middleware-host-header-3.535.0.tgz 1417ms (cache miss)
477 timing reifyNode:node_modules/@aws-sdk/middleware-host-header Completed in 1593ms
478 http fetch GET 200 https://registry.npmjs.org/@smithy/util-uri-escape/-/util-uri-escape-2.2.0.tgz 1512ms (cache miss)
479 http fetch GET 200 https://registry.npmjs.org/@smithy/service-error-classification/-/service-error-classification-2.1.5.tgz 1508ms (cache miss)
480 http fetch GET 200 https://registry.npmjs.org/@smithy/util-middleware/-/util-middleware-2.2.0.tgz 1471ms (cache miss)
481 timing reifyNode:node_modules/@smithy/util-body-length-node Completed in 1611ms
482 http fetch GET 200 https://registry.npmjs.org/@aws-sdk/middleware-logger/-/middleware-logger-3.535.0.tgz 1439ms (cache miss)
483 timing reifyNode:node_modules/@aws-sdk/credential-provider-env Completed in 1625ms
484 http fetch GET 200 https://registry.npmjs.org/@smithy/invalid-dependency/-/invalid-dependency-2.2.0.tgz 1467ms (cache miss)
485 http fetch GET 200 https://registry.npmjs.org/@smithy/abort-controller/-/abort-controller-2.2.0.tgz 1542ms (cache miss)
486 http fetch GET 200 https://registry.npmjs.org/@aws-sdk/util-utf8-browser/-/util-utf8-browser-3.259.0.tgz 1508ms (cache miss)
487 timing reifyNode:node_modules/@smithy/util-body-length-browser Completed in 1642ms
488 http fetch GET 200 https://registry.npmjs.org/@aws-crypto/supports-web-crypto/-/supports-web-crypto-3.0.0.tgz 1511ms (cache miss)
489 timing reifyNode:node_modules/@aws-crypto/supports-web-crypto Completed in 1644ms
490 http fetch GET 200 https://registry.npmjs.org/tslib/-/tslib-1.14.1.tgz 1455ms (cache miss)
491 http fetch GET 200 https://registry.npmjs.org/tslib/-/tslib-1.14.1.tgz 1453ms (cache miss)
492 http fetch GET 200 https://registry.npmjs.org/tslib/-/tslib-1.14.1.tgz 1454ms (cache miss)
493 http fetch GET 200 https://registry.npmjs.org/tslib/-/tslib-1.14.1.tgz 1452ms (cache miss)
494 http fetch GET 200 https://registry.npmjs.org/@aws-sdk/util-user-agent-browser/-/util-user-agent-browser-3.535.0.tgz 1479ms (cache miss)
495 timing reifyNode:node_modules/@smithy/util-uri-escape Completed in 1654ms
496 timing reifyNode:node_modules/@smithy/service-error-classification Completed in 1653ms
497 timing reifyNode:node_modules/@smithy/util-middleware Completed in 1655ms
498 timing reifyNode:node_modules/@aws-sdk/middleware-logger Completed in 1661ms
499 http fetch GET 200 https://registry.npmjs.org/@smithy/util-config-provider/-/util-config-provider-2.3.0.tgz 1563ms (cache miss)
500 timing reifyNode:node_modules/@smithy/invalid-dependency Completed in 1677ms
501 timing reifyNode:node_modules/@aws-crypto/supports-web-crypto/node_modules/tslib Completed in 1683ms
502 timing reifyNode:node_modules/@aws-crypto/sha256-js/node_modules/tslib Completed in 1679ms
503 timing reifyNode:node_modules/@aws-crypto/ie11-detection/node_modules/tslib Completed in 1683ms
504 timing reifyNode:node_modules/@aws-crypto/sha256-browser/node_modules/tslib Completed in 1679ms
505 http fetch GET 200 https://registry.npmjs.org/@smithy/md5-js/-/md5-js-2.2.0.tgz 1525ms (cache miss)
506 http fetch GET 200 https://registry.npmjs.org/@aws-sdk/util-user-agent-node/-/util-user-agent-node-3.535.0.tgz 1518ms (cache miss)
507 timing reifyNode:node_modules/@smithy/abort-controller Completed in 1696ms
508 timing reifyNode:node_modules/@aws-sdk/util-utf8-browser Completed in 1702ms
509 timing reifyNode:node_modules/@smithy/md5-js Completed in 1706ms
510 timing reifyNode:node_modules/@aws-sdk/util-user-agent-browser Completed in 1708ms
511 http fetch GET 200 https://registry.npmjs.org/@smithy/util-defaults-mode-browser/-/util-defaults-mode-browser-2.2.1.tgz 1574ms (cache miss)
512 http fetch GET 200 https://registry.npmjs.org/@aws-sdk/credential-provider-node/-/credential-provider-node-3.564.0.tgz 1541ms (cache miss)
513 timing reifyNode:node_modules/@smithy/util-config-provider Completed in 1729ms
514 http fetch GET 200 https://registry.npmjs.org/@smithy/middleware-stack/-/middleware-stack-2.2.0.tgz 1580ms (cache miss)
515 timing reifyNode:node_modules/@aws-sdk/util-user-agent-node Completed in 1731ms
516 http fetch GET 200 https://registry.npmjs.org/@aws-crypto/util/-/util-3.0.0.tgz 1613ms (cache miss)
517 timing reifyNode:node_modules/@smithy/middleware-stack Completed in 1746ms
518 timing reifyNode:node_modules/@smithy/util-defaults-mode-browser Completed in 1760ms
519 http fetch GET 200 https://registry.npmjs.org/@smithy/middleware-serde/-/middleware-serde-2.3.0.tgz 1610ms (cache miss)
520 timing reifyNode:node_modules/@aws-sdk/credential-provider-node Completed in 1766ms
521 http fetch GET 200 https://registry.npmjs.org/@aws-sdk/middleware-user-agent/-/middleware-user-agent-3.540.0.tgz 1615ms (cache miss)
522 timing reifyNode:node_modules/@aws-crypto/util Completed in 1798ms
523 http fetch GET 200 https://registry.npmjs.org/@smithy/node-config-provider/-/node-config-provider-2.3.0.tgz 1646ms (cache miss)
524 http fetch GET 200 https://registry.npmjs.org/@smithy/util-defaults-mode-node/-/util-defaults-mode-node-2.3.1.tgz 1659ms (cache miss)
525 http fetch GET 200 https://registry.npmjs.org/@aws-sdk/credential-provider-process/-/credential-provider-process-3.535.0.tgz 1684ms (cache miss)
526 timing reifyNode:node_modules/@smithy/middleware-serde Completed in 1807ms
527 timing reifyNode:node_modules/@smithy/util-defaults-mode-node Completed in 1810ms
528 http fetch GET 200 https://registry.npmjs.org/@smithy/fetch-http-handler/-/fetch-http-handler-2.5.0.tgz 1649ms (cache miss)
529 http fetch GET 200 https://registry.npmjs.org/@aws-sdk/credential-provider-web-identity/-/credential-provider-web-identity-3.556.0.tgz 1698ms (cache miss)
530 timing reifyNode:node_modules/@aws-sdk/credential-provider-web-identity Completed in 1820ms
531 timing reifyNode:node_modules/@aws-sdk/middleware-user-agent Completed in 1823ms
532 http fetch GET 200 https://registry.npmjs.org/@aws-crypto/ie11-detection/-/ie11-detection-3.0.0.tgz 1698ms (cache miss)
533 timing reifyNode:node_modules/@smithy/node-config-provider Completed in 1831ms
534 timing reifyNode:node_modules/@aws-sdk/credential-provider-process Completed in 1840ms
535 http fetch GET 200 https://registry.npmjs.org/@smithy/util-utf8/-/util-utf8-2.3.0.tgz 1705ms (cache miss)
536 http fetch GET 200 https://registry.npmjs.org/tslib/-/tslib-2.6.2.tgz 1707ms (cache miss)
537 timing reifyNode:node_modules/tslib Completed in 1841ms
538 timing reifyNode:node_modules/@smithy/fetch-http-handler Completed in 1841ms
539 http fetch GET 200 https://registry.npmjs.org/@aws-sdk/middleware-sdk-sqs/-/middleware-sdk-sqs-3.552.0.tgz 1678ms (cache miss)
540 timing reifyNode:node_modules/@aws-crypto/ie11-detection Completed in 1858ms
541 http fetch GET 200 https://registry.npmjs.org/@smithy/util-base64/-/util-base64-2.3.0.tgz 1713ms (cache miss)
542 timing reifyNode:node_modules/@smithy/util-utf8 Completed in 1868ms
543 timing reifyNode:node_modules/@aws-sdk/middleware-sdk-sqs Completed in 1883ms
544 http fetch GET 200 https://registry.npmjs.org/@aws-sdk/credential-provider-sso/-/credential-provider-sso-3.564.0.tgz 1768ms (cache miss)
545 timing reifyNode:node_modules/@smithy/util-base64 Completed in 1890ms
546 http fetch GET 200 https://registry.npmjs.org/@smithy/property-provider/-/property-provider-2.2.0.tgz 1794ms (cache miss)
547 timing reifyNode:node_modules/@aws-sdk/credential-provider-sso Completed in 1928ms
548 http fetch GET 200 https://registry.npmjs.org/@smithy/util-stream/-/util-stream-2.2.0.tgz 1817ms (cache miss)
549 timing reifyNode:node_modules/@smithy/property-provider Completed in 1936ms
550 timing reifyNode:node_modules/@smithy/util-stream Completed in 1971ms
551 http fetch GET 200 https://registry.npmjs.org/@aws-crypto/sha256-browser/-/sha256-browser-3.0.0.tgz 1788ms (cache miss)
552 timing reifyNode:node_modules/@aws-crypto/sha256-browser Completed in 1970ms
553 http fetch GET 200 https://registry.npmjs.org/@aws-sdk/credential-provider-http/-/credential-provider-http-3.552.0.tgz 1874ms (cache miss)
554 http fetch GET 200 https://registry.npmjs.org/@aws-sdk/credential-provider-ini/-/credential-provider-ini-3.564.0.tgz 1881ms (cache miss)
555 timing reifyNode:node_modules/@aws-sdk/credential-provider-http Completed in 2029ms
556 http fetch GET 200 https://registry.npmjs.org/@smithy/util-retry/-/util-retry-2.2.0.tgz 1889ms (cache miss)
557 timing reifyNode:node_modules/@aws-sdk/credential-provider-ini Completed in 2035ms
558 timing reifyNode:node_modules/@smithy/util-retry Completed in 2045ms
559 http fetch GET 200 https://registry.npmjs.org/@aws-sdk/token-providers/-/token-providers-3.564.0.tgz 1935ms (cache miss)
560 http fetch GET 200 https://registry.npmjs.org/@aws-crypto/sha256-js/-/sha256-js-3.0.0.tgz 1870ms (cache miss)
561 timing reifyNode:node_modules/@aws-crypto/sha256-js Completed in 2049ms
562 http fetch GET 200 https://registry.npmjs.org/@smithy/protocol-http/-/protocol-http-3.3.0.tgz 1909ms (cache miss)
563 timing reifyNode:node_modules/@aws-sdk/token-providers Completed in 2068ms
564 http fetch GET 200 https://registry.npmjs.org/fast-xml-parser/-/fast-xml-parser-4.2.5.tgz 1949ms (cache miss)
565 timing reifyNode:node_modules/fast-xml-parser Completed in 2076ms
566 timing reifyNode:node_modules/@smithy/protocol-http Completed in 2075ms
567 http fetch GET 200 https://registry.npmjs.org/bowser/-/bowser-2.11.0.tgz 1992ms (cache miss)
568 timing reifyNode:node_modules/bowser Completed in 2095ms
569 http fetch GET 200 https://registry.npmjs.org/@aws-sdk/region-config-resolver/-/region-config-resolver-3.535.0.tgz 1939ms (cache miss)
570 timing reifyNode:node_modules/@aws-sdk/region-config-resolver Completed in 2126ms
571 http fetch GET 200 https://registry.npmjs.org/@smithy/middleware-retry/-/middleware-retry-2.3.1.tgz 1979ms (cache miss)
572 timing reifyNode:node_modules/@smithy/middleware-retry Completed in 2146ms
573 http fetch GET 200 https://registry.npmjs.org/@smithy/shared-ini-file-loader/-/shared-ini-file-loader-2.4.0.tgz 2055ms (cache miss)
574 timing reifyNode:node_modules/@smithy/shared-ini-file-loader Completed in 2196ms
575 http fetch GET 200 https://registry.npmjs.org/@smithy/signature-v4/-/signature-v4-2.3.0.tgz 2068ms (cache miss)
576 timing reifyNode:node_modules/@smithy/signature-v4 Completed in 2216ms
577 http fetch GET 200 https://registry.npmjs.org/@smithy/node-http-handler/-/node-http-handler-2.5.0.tgz 2098ms (cache miss)
578 http fetch GET 200 https://registry.npmjs.org/@smithy/middleware-endpoint/-/middleware-endpoint-2.5.1.tgz 2101ms (cache miss)
579 timing reifyNode:node_modules/@smithy/middleware-endpoint Completed in 2261ms
580 timing reifyNode:node_modules/@smithy/node-http-handler Completed in 2264ms
581 http fetch GET 200 https://registry.npmjs.org/@aws-sdk/util-endpoints/-/util-endpoints-3.540.0.tgz 2103ms (cache miss)
582 timing reifyNode:node_modules/@aws-sdk/util-endpoints Completed in 2279ms
583 http fetch GET 200 https://registry.npmjs.org/@smithy/credential-provider-imds/-/credential-provider-imds-2.3.0.tgz 2185ms (cache miss)
584 timing reifyNode:node_modules/@smithy/credential-provider-imds Completed in 2311ms
585 http fetch GET 200 https://registry.npmjs.org/uuid/-/uuid-9.0.1.tgz 2233ms (cache miss)
586 timing reifyNode:node_modules/uuid Completed in 2333ms
587 http fetch GET 200 https://registry.npmjs.org/@smithy/smithy-client/-/smithy-client-2.5.1.tgz 2305ms (cache miss)
588 http fetch GET 200 https://registry.npmjs.org/@smithy/core/-/core-1.4.2.tgz 2294ms (cache miss)
589 timing reifyNode:node_modules/@smithy/smithy-client Completed in 2462ms
590 timing reifyNode:node_modules/@smithy/core Completed in 2466ms
591 http fetch GET 200 https://registry.npmjs.org/@smithy/config-resolver/-/config-resolver-2.2.0.tgz 2324ms (cache miss)
592 timing reifyNode:node_modules/@smithy/config-resolver Completed in 2493ms
593 http fetch GET 200 https://registry.npmjs.org/@aws-sdk/client-sso-oidc/-/client-sso-oidc-3.564.0.tgz 2400ms (cache miss)
594 timing reifyNode:node_modules/@aws-sdk/client-sso-oidc Completed in 2504ms
595 http fetch GET 200 https://registry.npmjs.org/@aws-sdk/client-sso/-/client-sso-3.556.0.tgz 2391ms (cache miss)
596 timing reifyNode:node_modules/@aws-sdk/client-sso Completed in 2507ms
597 http fetch GET 200 https://registry.npmjs.org/@aws-sdk/types/-/types-3.535.0.tgz 2338ms (cache miss)
598 timing reifyNode:node_modules/@aws-sdk/types Completed in 2510ms
599 http fetch GET 200 https://registry.npmjs.org/@aws-sdk/client-sts/-/client-sts-3.556.0.tgz 2428ms (cache miss)
600 timing reifyNode:node_modules/@aws-sdk/client-sts Completed in 2546ms
601 http fetch GET 200 https://registry.npmjs.org/@smithy/util-endpoints/-/util-endpoints-1.2.0.tgz 2440ms (cache miss)
602 timing reifyNode:node_modules/@smithy/util-endpoints Completed in 2585ms
603 http fetch GET 200 https://registry.npmjs.org/@aws-sdk/client-sqs/-/client-sqs-3.564.0.tgz 2455ms (cache miss)
604 timing reifyNode:node_modules/@aws-sdk/client-sqs Completed in 2638ms
605 http fetch GET 200 https://registry.npmjs.org/@aws-sdk/core/-/core-3.556.0.tgz 2469ms (cache miss)
606 timing reifyNode:node_modules/@aws-sdk/core Completed in 2647ms
607 http fetch GET 200 https://registry.npmjs.org/@smithy/types/-/types-2.12.0.tgz 2511ms (cache miss)
608 timing reifyNode:node_modules/@smithy/types Completed in 2660ms
609 timing reify:unpack Completed in 2667ms
610 timing reify:unretire Completed in 0ms
611 timing build:queue Completed in 4ms
612 timing build:link:node_modules/fast-xml-parser Completed in 3ms
613 timing build:link:node_modules/uuid Completed in 2ms
614 timing build:link Completed in 3ms
615 timing build:deps Completed in 8ms
616 timing build Completed in 8ms
617 timing reify:build Completed in 9ms
618 timing reify:trash Completed in 0ms
619 timing reify:save Completed in 130ms
620 timing reify Completed in 11485ms
621 silly ADD node_modules/strnum
622 silly ADD node_modules/@smithy/querystring-parser
623 silly ADD node_modules/@smithy/is-array-buffer
624 silly ADD node_modules/@smithy/util-uri-escape
625 silly ADD node_modules/@smithy/abort-controller
626 silly ADD node_modules/uuid
627 silly ADD node_modules/@smithy/service-error-classification
628 silly ADD node_modules/@smithy/util-buffer-from
629 silly ADD node_modules/@smithy/querystring-builder
630 silly ADD node_modules/bowser
631 silly ADD node_modules/@aws-sdk/client-sso-oidc
632 silly ADD node_modules/@smithy/util-config-provider
633 silly ADD node_modules/@smithy/util-hex-encoding
634 silly ADD node_modules/@aws-sdk/token-providers
635 silly ADD node_modules/@aws-sdk/client-sso
636 silly ADD node_modules/@aws-sdk/client-sts
637 silly ADD node_modules/@smithy/util-stream
638 silly ADD node_modules/@smithy/shared-ini-file-loader
639 silly ADD node_modules/@smithy/property-provider
640 silly ADD node_modules/@smithy/credential-provider-imds
641 silly ADD node_modules/@aws-sdk/credential-provider-web-identity
642 silly ADD node_modules/@aws-sdk/credential-provider-sso
643 silly ADD node_modules/@aws-sdk/credential-provider-process
644 silly ADD node_modules/@aws-sdk/credential-provider-ini
645 silly ADD node_modules/@aws-sdk/credential-provider-http
646 silly ADD node_modules/@aws-sdk/credential-provider-env
647 silly ADD node_modules/fast-xml-parser
648 silly ADD node_modules/@smithy/signature-v4
649 silly ADD node_modules/@aws-sdk/util-utf8-browser
650 silly ADD node_modules/@aws-sdk/util-locate-window
651 silly ADD node_modules/@aws-crypto/util
652 silly ADD node_modules/@aws-crypto/util/node_modules/tslib
653 silly ADD node_modules/@aws-crypto/supports-web-crypto
654 silly ADD node_modules/@aws-crypto/supports-web-crypto/node_modules/tslib
655 silly ADD node_modules/@aws-crypto/ie11-detection
656 silly ADD node_modules/@aws-crypto/ie11-detection/node_modules/tslib
657 silly ADD node_modules/tslib
658 silly ADD node_modules/@smithy/util-utf8
659 silly ADD node_modules/@smithy/util-retry
660 silly ADD node_modules/@smithy/util-middleware
661 silly ADD node_modules/@smithy/util-endpoints
662 silly ADD node_modules/@smithy/util-defaults-mode-node
663 silly ADD node_modules/@smithy/util-defaults-mode-browser
664 silly ADD node_modules/@smithy/util-body-length-node
665 silly ADD node_modules/@smithy/util-body-length-browser
666 silly ADD node_modules/@smithy/util-base64
667 silly ADD node_modules/@smithy/url-parser
668 silly ADD node_modules/@smithy/types
669 silly ADD node_modules/@smithy/smithy-client
670 silly ADD node_modules/@smithy/protocol-http
671 silly ADD node_modules/@smithy/node-http-handler
672 silly ADD node_modules/@smithy/node-config-provider
673 silly ADD node_modules/@smithy/middleware-stack
674 silly ADD node_modules/@smithy/middleware-serde
675 silly ADD node_modules/@smithy/middleware-retry
676 silly ADD node_modules/@smithy/middleware-endpoint
677 silly ADD node_modules/@smithy/middleware-content-length
678 silly ADD node_modules/@smithy/md5-js
679 silly ADD node_modules/@smithy/invalid-dependency
680 silly ADD node_modules/@smithy/hash-node
681 silly ADD node_modules/@smithy/fetch-http-handler
682 silly ADD node_modules/@smithy/core
683 silly ADD node_modules/@smithy/config-resolver
684 silly ADD node_modules/@aws-sdk/util-user-agent-node
685 silly ADD node_modules/@aws-sdk/util-user-agent-browser
686 silly ADD node_modules/@aws-sdk/util-endpoints
687 silly ADD node_modules/@aws-sdk/types
688 silly ADD node_modules/@aws-sdk/region-config-resolver
689 silly ADD node_modules/@aws-sdk/middleware-user-agent
690 silly ADD node_modules/@aws-sdk/middleware-sdk-sqs
691 silly ADD node_modules/@aws-sdk/middleware-recursion-detection
692 silly ADD node_modules/@aws-sdk/middleware-logger
693 silly ADD node_modules/@aws-sdk/middleware-host-header
694 silly ADD node_modules/@aws-sdk/credential-provider-node
695 silly ADD node_modules/@aws-sdk/core
696 silly ADD node_modules/@aws-crypto/sha256-js
697 silly ADD node_modules/@aws-crypto/sha256-js/node_modules/tslib
698 silly ADD node_modules/@aws-crypto/sha256-browser
699 silly ADD node_modules/@aws-crypto/sha256-browser/node_modules/tslib
700 silly ADD node_modules/@aws-sdk/client-sqs
701 timing command:i Completed in 11498ms
702 verbose exit 0
703 timing npm Completed in 11793ms
704 info ok
